0050,元大台灣50,166.65,平均10年,,[41;37m價太高了[0m
0056,元大高股息,39.30,平均10年,,[41;37m價太高了[0m
00878,國泰永續高股息,23.40,平均5年,,[41;37m價太高了[0m
00919,群益台灣精選高息,24.92,平均2年,,[41;37m價太高了[0m
00929,復華台灣科技優息,20.20,平均2年,,[41;37m價太高了[0m
00940,元大台灣價值高息,9.63,平均1年,,[41;37m價太高了[0m
006208,富邦台50,97.50,平均10年,,[41;37m價太高了[0m
0053,元大電子,89.75,平均10年,,[41;37m價太高了[0m
0052,富邦科技,161.65,平均10年,y,[41;37m價太高了[0m
00905,FT臺灣Smart,12.63,平均2年,,[41;37m價太高了[0m
006204,永豐臺灣加權,105.85,平均10年,,[41;37m價太高了[0m
00728,第一金工業30,30.10,平均6年,,[41;37m價太高了[0m
00713,元大台灣高息低波,57.2,平均7年,,[41;37m價太高了[0m
00731,復華富時高息低波,76.9,平均7年,,[41;37m價太高了[0m
00701,國泰股利精選30,27.92,平均7年,,[41;37m價太高了[0m
00830,國泰費城半導體,44.41,平均4年,,[41;37m價太高了[0m
00757,統一FANG+,80.1,平均1年,,[41;37m價太高了[0m
00662,富邦NASDAQ,76.0,平均1年,,[41;37m價太高了[0m
00646,元大S&P500,52.6,平均1年,,[41;37m價太高了[0m
00733,富邦臺灣中小,57.6,平均6年,,[41;37m價太高了[0m
0051,元大中型100,79.40,平均10年,,[41;37m價太高了[0m
006201,元大富櫃50,21.10,平均9年,,[41;37m價太高了[0m
