0050,元大台灣50,166.00,平均10年,,[41;37m價太高了[0m
0056,元大高股息,39.93,平均10年,,[41;37m價太高了[0m
00878,國泰永續高股息,23.07,平均5年,,[41;37m價太高了[0m
00919,群益台灣精選高息,25.74,平均2年,,[41;37m價太高了[0m
00929,復華台灣科技優息,20.56,平均2年,,[41;37m價太高了[0m
00940,元大台灣價值高息,9.79,平均1年,,[41;37m價太高了[0m
006208,富邦台50,97.50,平均10年,,[41;37m價太高了[0m
0053,元大電子,90.25,平均10年,,[41;37m價太高了[0m
0052,富邦科技,162.80,平均10年,y,[41;37m價太高了[0m
00905,FT臺灣Smart,12.81,平均2年,,[41;37m價太高了[0m
006204,永豐臺灣加權,105.90,平均10年,,[41;37m價太高了[0m
00728,第一金工業30,30.19,平均6年,,[41;37m價太高了[0m
00713,元大台灣高息低波,57.4,平均7年,,[41;37m價太高了[0m
00731,復華富時高息低波,73.8,平均7年,,[41;37m價太高了[0m
00701,國泰股利精選30,27.59,平均7年,,[41;37m價太高了[0m
00830,國泰費城半導體,47.07,平均4年,,[41;37m價太高了[0m
00757,統一FANG+,81.0,平均1年,,[41;37m價太高了[0m
00662,富邦NASDAQ,77.3,平均1年,,[41;37m價太高了[0m
00646,元大S&P500,53.0,平均1年,,[41;37m價太高了[0m
00733,富邦臺灣中小,58.5,平均6年,,[41;37m價太高了[0m
0051,元大中型100,81.05,平均10年,,[41;37m價太高了[0m
006201,元大富櫃50,21.97,平均9年,,[41;37m價太高了[0m
