1730,花仙子,56.6,[41;37m價太高了[0m
4711,永純,15.05,[44;37m在合理價以內[0m
1710,東聯,19.9,[41;37m價太高了[0m
1717,長興,31.35,[41;37m價太高了[0m
1723,中碳,115.5,[41;37m價太高了[0m
1726,永記,72.8,[43;37m高於合理價[0m
1102,亞泥,43.3,[43;37m高於合理價[0m
1101,<optionvalue="1101">台泥,36.4,[42;37m低於低價[0m
3260,威剛,79.5,[41;37m價太高了[0m
5487,通泰,25,[42;37m低於低價[0m
2330,台積電,533,[41;37m價太高了[0m
3034,聯詠,431.5,[41;37m價太高了[0m
9945,潤泰新,35.35,[42;37m低於低價[0m
6184,大豐電,50.3,[41;37m價太高了[0m
9904,寶成,31.2,[41;37m價太高了[0m
9940,信義,28.8,[42;37m低於低價[0m
9910,豐泰,193,[41;37m價太高了[0m
9930,中聯資源,48.45,[43;37m高於合理價[0m
9942,茂順,121,[41;37m價太高了[0m
9917,中保科,105.5,[41;37m價太高了[0m
9924,福興,43.95,[43;37m高於合理價[0m
9941,<optionvalue="9941">裕融,179.5,[41;37m價太高了[0m
9925,新保,40.75,[41;37m價太高了[0m
6201,亞弘電,43.1,[43;37m高於合理價[0m
6151,晉倫,28.9,[44;37m在合理價以內[0m
6505,台塑化,85,[41;37m價太高了[0m
8926,台汽電,42.55,[41;37m價太高了[0m
9908,大台北,31.6,[41;37m價太高了[0m
9918,欣天然,41.5,[41;37m價太高了[0m
8917,欣泰,74.2,[41;37m價太高了[0m
9926,新海,51.8,[41;37m價太高了[0m
9931,欣高,39.6,[41;37m價太高了[0m
8908,欣雄,72,[41;37m價太高了[0m
2880,華南金,22.35,[41;37m價太高了[0m
2881,<optionvalue="2881">富邦金,56.5,[41;37m價太高了[0m
2882,<optionvalue="2882">國泰金,41.8,[43;37m高於合理價[0m
2892,第一金,26.45,[41;37m價太高了[0m
2820,華票,15,[43;37m高於合理價[0m
2886,兆豐金,33,[41;37m價太高了[0m
2535,達欣工,33.4,[43;37m高於合理價[0m
2538,基泰,12.65,[42;37m低於低價[0m
5511,德昌,33.35,[44;37m在合理價以內[0m
1216,統一,71.9,[41;37m價太高了[0m
1232,大統益,148.5,[41;37m價太高了[0m
1434,福懋,28.1,[43;37m高於合理價[0m
1451,年興,23.05,[44;37m在合理價以內[0m
1402,遠東新,31.3,[41;37m價太高了[0m
5604,中連,49.6,[42;37m低於低價[0m
3045,台灣大,101,[43;37m高於合理價[0m
4904,遠傳,75.2,[41;37m價太高了[0m
2412,中華電,119.5,[41;37m價太高了[0m
2535,達欣工,33.4,[43;37m高於合理價[0m
2912,統一超,269.5,[41;37m價太高了[0m
1303,南亞,77.5,[41;37m價太高了[0m
1301,台塑,91.8,[41;37m價太高了[0m
1326,台化,69.1,[43;37m高於合理價[0m
6189,<optionvalue="6189">豐藝,41.8,[42;37m低於低價[0m
2347,聯強,61.3,[41;37m價太高了[0m
6126,信音,22.25,[41;37m價太高了[0m
3090,日電貿,59.4,[43;37m高於合理價[0m
5464,霖宏,29.3,[41;37m價太高了[0m
2308,台達電,301,[41;37m價太高了[0m
6115,鎰勝,44.85,[42;37m低於低價[0m
2324,仁寶,25.25,[43;37m高於合理價[0m
2301,光寶科,73.3,[41;37m價太高了[0m
2395,研華,371,[41;37m價太高了[0m
2382,廣達,89.1,[41;37m價太高了[0m
8255,朋程,195,[41;37m價太高了[0m
2103,台橡,28.2,[41;37m價太高了[0m
8930,青鋼,17.15,[41;37m價太高了[0m
2006,東和鋼鐵,56,[41;37m價太高了[0m
2002,<optionvalue="2002">中鋼,30.9,[41;37m價太高了[0m
0050,元大台灣50,台幣,[41;37msome thing wrong[0m
0056,元大高股息,台幣,[41;37msome thing wrong[0m
01003T,兆豐新光R1,台幣,[41;37msome thing wrong[0m
01007T,兆豐國泰R2,台幣,[41;37msome thing wrong[0m
2884,玉山金,25.3,[43;37m高於合理價[0m
5871,<optionvalue="5871">中租-KY,223.5,[41;37m價太高了[0m
6592,<optionvalue="6592">和潤企業,120.5,[41;37m價太高了[0m
9921,<optionvalue="9921">巨大,176,[41;37m價太高了[0m
2351,順德,132,[41;37m價太高了[0m
