1730,花仙子,55.4,[41;37m價太高了[0m
4711,永純,15,[44;37m在合理價以內[0m
1710,東聯,18.6,[41;37m價太高了[0m
1717,長興,31.25,[41;37m價太高了[0m
1723,中碳,105.5,[43;37m高於合理價[0m
1726,永記,70.3,[43;37m高於合理價[0m
1102,亞泥,41,[43;37m高於合理價[0m
1101,<optionvalue="1101">台泥,33.65,[42;37m低於低價[0m
3260,威剛,57,[44;37m在合理價以內[0m
5487,通泰,25.2,[42;37m低於低價[0m
2330,台積電,448.5,[41;37m價太高了[0m
3034,聯詠,315.5,[41;37m價太高了[0m
9945,潤泰新,43.25,[42;37m低於低價[0m
6184,大豐電,48.05,[41;37m價太高了[0m
9904,寶成,34.2,[41;37m價太高了[0m
9940,信義,26.9,[42;37m低於低價[0m
9910,豐泰,206.5,[41;37m價太高了[0m
9930,中聯資源,46,[44;37m在合理價以內[0m
9942,茂順,105.5,[41;37m價太高了[0m
9917,中保科,100,[41;37m價太高了[0m
9924,福興,41,[44;37m在合理價以內[0m
9941,<optionvalue="9941">裕融,155.5,[41;37m價太高了[0m
9925,新保,39.1,[43;37m高於合理價[0m
6201,亞弘電,39,[44;37m在合理價以內[0m
6151,晉倫,26.35,[42;37m低於低價[0m
6505,台塑化,80.3,[41;37m價太高了[0m
8926,台汽電,32.45,[41;37m價太高了[0m
9908,大台北,31.15,[41;37m價太高了[0m
9918,欣天然,41.9,[41;37m價太高了[0m
8917,欣泰,90,[41;37m價太高了[0m
9926,新海,51.6,[41;37m價太高了[0m
9931,欣高,39.9,[41;37m價太高了[0m
8908,欣雄,67,[41;37m價太高了[0m
2880,華南金,22.45,[41;37m價太高了[0m
2881,<optionvalue="2881">富邦金,56.3,[41;37m價太高了[0m
2882,<optionvalue="2882">國泰金,40,[43;37m高於合理價[0m
2892,第一金,26.5,[41;37m價太高了[0m
2820,華票,14.5,[43;37m高於合理價[0m
2886,兆豐金,30.35,[41;37m價太高了[0m
2535,達欣工,30.15,[44;37m在合理價以內[0m
2538,基泰,12.65,[42;37m低於低價[0m
5511,德昌,30,[42;37m低於低價[0m
1216,統一,66.6,[41;37m價太高了[0m
1232,大統益,141,[41;37m價太高了[0m
1434,福懋,26.75,[43;37m高於合理價[0m
1451,年興,20.95,[42;37m低於低價[0m
1402,遠東新,31.9,[41;37m價太高了[0m
5604,中連,52.2,[42;37m低於低價[0m
3045,台灣大,94.7,[43;37m高於合理價[0m
4904,遠傳,65.9,[43;37m高於合理價[0m
2412,中華電,113,[41;37m價太高了[0m
2535,達欣工,30.15,[44;37m在合理價以內[0m
2912,統一超,272,[41;37m價太高了[0m
1303,南亞,71,[41;37m價太高了[0m
1301,台塑,86.8,[41;37m價太高了[0m
1326,台化,70.5,[43;37m高於合理價[0m
6189,<optionvalue="6189">豐藝,37.95,[42;37m低於低價[0m
2347,聯強,59.2,[41;37m價太高了[0m
6126,信音,20.2,[41;37m價太高了[0m
3090,日電貿,52.6,[44;37m在合理價以內[0m
5464,霖宏,26.4,[41;37m價太高了[0m
2308,台達電,286.5,[41;37m價太高了[0m
6115,鎰勝,42.2,[42;37m低於低價[0m
2324,仁寶,23.05,[44;37m在合理價以內[0m
2301,光寶科,63.8,[41;37m價太高了[0m
2395,研華,331,[41;37m價太高了[0m
2382,廣達,72.3,[44;37m在合理價以內[0m
8255,朋程,163.5,[41;37m價太高了[0m
2103,台橡,27.05,[41;37m價太高了[0m
8930,青鋼,16.5,[41;37m價太高了[0m
2006,東和鋼鐵,52.7,[41;37m價太高了[0m
2002,<optionvalue="2002">中鋼,29.8,[41;37m價太高了[0m
0050,元大台灣50,台幣,[41;37msome thing wrong[0m
0056,元大高股息,台幣,[41;37msome thing wrong[0m
01003T,兆豐新光R1,台幣,[41;37msome thing wrong[0m
01007T,兆豐國泰R2,台幣,[41;37msome thing wrong[0m
2884,玉山金,24.05,[43;37m高於合理價[0m
5871,<optionvalue="5871">中租-KY,217,[41;37m價太高了[0m
6592,<optionvalue="6592">和潤企業,102,[41;37m價太高了[0m
9921,<optionvalue="9921">巨大,200.5,[41;37m價太高了[0m
2351,順德,96.4,[41;37m價太高了[0m
