9941,<optionvalue="9941">裕融,162,[41;37m價太高了[0m
2347,聯強,59.7,[41;37m價太高了[0m
8908,欣雄,68,[41;37m價太高了[0m
1451,年興,21,[42;37m低於低價[0m
6126,信音,20.1,[41;37m價太高了[0m
9925,新保,39.55,[41;37m價太高了[0m
2880,華南金,22.8,[41;37m價太高了[0m
3090,日電貿,53,[44;37m在合理價以內[0m
6201,亞弘電,39.4,[44;37m在合理價以內[0m
2881,<optionvalue="2881">富邦金,58.7,[41;37m價太高了[0m
1402,遠東新,32.6,[41;37m價太高了[0m
5464,霖宏,24.65,[41;37m價太高了[0m
2882,<optionvalue="2882">國泰金,41.8,[43;37m高於合理價[0m
6151,晉倫,26.8,[42;37m低於低價[0m
2892,第一金,26.45,[41;37m價太高了[0m
5604,中連,54.2,[42;37m低於低價[0m
6505,台塑化,82.2,[41;37m價太高了[0m
2308,台達電,277.5,[41;37m價太高了[0m
3045,台灣大,95.2,[43;37m高於合理價[0m
8926,台汽電,33.85,[41;37m價太高了[0m
2820,華票,14.9,[43;37m高於合理價[0m
6115,鎰勝,42.45,[42;37m低於低價[0m
4904,遠傳,66.1,[43;37m高於合理價[0m
2886,兆豐金,31.65,[41;37m價太高了[0m
9908,大台北,31.05,[41;37m價太高了[0m
2324,仁寶,22.7,[44;37m在合理價以內[0m
2412,中華電,114,[41;37m價太高了[0m
2535,達欣工,30.1,[44;37m在合理價以內[0m
9918,欣天然,42.2,[41;37m價太高了[0m
2535,達欣工,30.1,[44;37m在合理價以內[0m
2301,光寶科,65.1,[41;37m價太高了[0m
2538,基泰,12.65,[42;37m低於低價[0m
8917,欣泰,89.9,[41;37m價太高了[0m
2395,研華,334.5,[41;37m價太高了[0m
2912,統一超,271,[41;37m價太高了[0m
5511,德昌,30.15,[42;37m低於低價[0m
9926,新海,51.5,[41;37m價太高了[0m
2382,廣達,73.9,[44;37m在合理價以內[0m
1303,南亞,74.3,[41;37m價太高了[0m
9931,欣高,39.45,[41;37m價太高了[0m
1216,統一,67.5,[41;37m價太高了[0m
8255,朋程,155,[41;37m價太高了[0m
8908,欣雄,68,[42;37m低於低價[0m
1232,大統益,143,[41;37m價太高了[0m
1301,台塑,88.2,[44;37m在合理價以內[0m
2880,華南金,22.8,[41;37m價太高了[0m
1434,福懋,26.9,[43;37m高於合理價[0m
2881,<optionvalue="2881">富邦金,58.7,[41;37m價太高了[0m
1326,台化,72.4,[43;37m高於合理價[0m
2882,<optionvalue="2882">國泰金,41.8,[43;37m高於合理價[0m
6189,<optionvalue="6189">豐藝,37.85,[42;37m低於低價[0m
1451,年興,21,[42;37m低於低價[0m
2892,第一金,26.45,[41;37m價太高了[0m
1402,遠東新,32.6,[41;37m價太高了[0m
2347,聯強,59.7,[41;37m價太高了[0m
2820,華票,14.9,[43;37m高於合理價[0m
5604,中連,54.2,[42;37m低於低價[0m
6126,信音,20.1,[41;37m價太高了[0m
2886,兆豐金,31.65,[41;37m價太高了[0m
3045,台灣大,95.2,[43;37m高於合理價[0m
3090,日電貿,53,[44;37m在合理價以內[0m
1730,花仙子,54.9,[41;37m價太高了[0m
4711,永純,14.9,[44;37m在合理價以內[0m
1710,東聯,18.8,[41;37m價太高了[0m
1717,長興,32,[41;37m價太高了[0m
1723,中碳,106,[43;37m高於合理價[0m
1726,永記,71,[43;37m高於合理價[0m
1102,亞泥,42.15,[43;37m高於合理價[0m
1101,<optionvalue="1101">台泥,36.15,[42;37m低於低價[0m
3260,威剛,61.9,[43;37m高於合理價[0m
5487,通泰,25.4,[42;37m低於低價[0m
2330,台積電,500,[41;37m價太高了[0m
3034,聯詠,346,[41;37m價太高了[0m
9945,潤泰新,43.35,[42;37m低於低價[0m
6184,大豐電,48.55,[41;37m價太高了[0m
9904,寶成,34.15,[41;37m價太高了[0m
9940,信義,26.95,[42;37m低於低價[0m
9910,豐泰,206,[41;37m價太高了[0m
9930,中聯資源,46.3,[44;37m在合理價以內[0m
9942,茂順,103.5,[41;37m價太高了[0m
9917,中保科,99.9,[41;37m價太高了[0m
9924,福興,41.75,[43;37m高於合理價[0m
9941,<optionvalue="9941">裕融,162,[41;37m價太高了[0m
9925,新保,39.55,[41;37m價太高了[0m
6201,亞弘電,39.4,[44;37m在合理價以內[0m
6151,晉倫,26.8,[42;37m低於低價[0m
6505,台塑化,82.2,[41;37m價太高了[0m
8926,台汽電,33.85,[41;37m價太高了[0m
9908,大台北,31.05,[41;37m價太高了[0m
9918,欣天然,42.2,[41;37m價太高了[0m
8917,欣泰,89.9,[41;37m價太高了[0m
9926,新海,51.5,[41;37m價太高了[0m
9931,欣高,39.45,[41;37m價太高了[0m
8908,欣雄,68,[41;37m價太高了[0m
2880,華南金,22.8,[41;37m價太高了[0m
2881,<optionvalue="2881">富邦金,58.7,[41;37m價太高了[0m
2882,<optionvalue="2882">國泰金,41.8,[43;37m高於合理價[0m
2892,第一金,26.45,[41;37m價太高了[0m
2820,華票,14.9,[43;37m高於合理價[0m
2886,兆豐金,31.65,[41;37m價太高了[0m
2535,達欣工,30.1,[44;37m在合理價以內[0m
2538,基泰,12.65,[42;37m低於低價[0m
5511,德昌,30.15,[42;37m低於低價[0m
1216,統一,67.5,[41;37m價太高了[0m
1232,大統益,143,[41;37m價太高了[0m
1434,福懋,26.9,[43;37m高於合理價[0m
1451,年興,21,[42;37m低於低價[0m
1402,遠東新,32.6,[41;37m價太高了[0m
5604,中連,54.2,[42;37m低於低價[0m
3045,台灣大,95.2,[43;37m高於合理價[0m
4904,遠傳,66.1,[43;37m高於合理價[0m
2412,中華電,114,[41;37m價太高了[0m
2535,達欣工,30.1,[44;37m在合理價以內[0m
2912,統一超,271,[41;37m價太高了[0m
1303,南亞,74.3,[41;37m價太高了[0m
1301,台塑,88.2,[41;37m價太高了[0m
1326,台化,72.4,[43;37m高於合理價[0m
6189,<optionvalue="6189">豐藝,37.85,[42;37m低於低價[0m
2347,聯強,59.7,[41;37m價太高了[0m
6126,信音,20.1,[41;37m價太高了[0m
3090,日電貿,53,[44;37m在合理價以內[0m
5464,霖宏,24.65,[41;37m價太高了[0m
2308,台達電,277.5,[41;37m價太高了[0m
6115,鎰勝,42.45,[42;37m低於低價[0m
2324,仁寶,22.7,[44;37m在合理價以內[0m
2301,光寶科,65.1,[41;37m價太高了[0m
2395,研華,334.5,[41;37m價太高了[0m
2382,廣達,73.9,[44;37m在合理價以內[0m
8255,朋程,155,[41;37m價太高了[0m
2103,台橡,27.3,[41;37m價太高了[0m
8930,青鋼,17.05,[41;37m價太高了[0m
2006,東和鋼鐵,55,[41;37m價太高了[0m
2002,<optionvalue="2002">中鋼,31.05,[41;37m價太高了[0m
0050,元大台灣50,台幣,[41;37msome thing wrong[0m
0056,元大高股息,台幣,[41;37msome thing wrong[0m
01003T,兆豐新光R1,台幣,[41;37msome thing wrong[0m
01007T,兆豐國泰R2,台幣,[41;37msome thing wrong[0m
2884,玉山金,24.25,[43;37m高於合理價[0m
5871,<optionvalue="5871">中租-KY,222,[41;37m價太高了[0m
6592,<optionvalue="6592">和潤企業,104,[41;37m價太高了[0m
9921,<optionvalue="9921">巨大,208,[41;37m價太高了[0m
2351,順德,97.7,[41;37m價太高了[0m
