2301,光寶科,66.4,[41;37m價太高了[0m
1301,台塑,88.9,[41;37m價太高了[0m
1402,遠東新,32.7,[41;37m價太高了[0m
2538,基泰,13,[42;37m低於低價[0m
2395,研華,346,[41;37m價太高了[0m
5604,中連,55.6,[42;37m低於低價[0m
5511,德昌,30.5,[42;37m低於低價[0m
2382,廣達,75.9,[43;37m高於合理價[0m
1326,台化,72.6,[43;37m高於合理價[0m
8255,朋程,176,[41;37m價太高了[0m
3045,台灣大,95.1,[43;37m高於合理價[0m
6189,<optionvalue="6189">豐藝,38.75,[42;37m低於低價[0m
1216,統一,67.1,[41;37m價太高了[0m
4904,遠傳,66.5,[43;37m高於合理價[0m
2347,聯強,61.3,[41;37m價太高了[0m
2103,台橡,28,[41;37m價太高了[0m
1232,大統益,144.5,[41;37m價太高了[0m
2412,中華電,112.5,[41;37m價太高了[0m
6126,信音,20.55,[41;37m價太高了[0m
8930,青鋼,17.25,[41;37m價太高了[0m
3090,日電貿,54.8,[43;37m高於合理價[0m
2535,達欣工,30.8,[44;37m在合理價以內[0m
1434,福懋,27.2,[43;37m高於合理價[0m
2006,東和鋼鐵,57,[41;37m價太高了[0m
1451,年興,21.3,[44;37m在合理價以內[0m
1730,花仙子,55.1,[41;37m價太高了[0m
4711,永純,15.05,[44;37m在合理價以內[0m
1710,東聯,18.85,[41;37m價太高了[0m
1717,長興,32.5,[41;37m價太高了[0m
1723,中碳,108.5,[43;37m高於合理價[0m
1726,永記,71,[43;37m高於合理價[0m
1102,亞泥,42.65,[43;37m高於合理價[0m
1101,<optionvalue="1101">台泥,36.75,[42;37m低於低價[0m
3260,威剛,65,[43;37m高於合理價[0m
5487,通泰,25.2,[42;37m低於低價[0m
2330,台積電,530,[41;37m價太高了[0m
3034,聯詠,353.5,[41;37m價太高了[0m
9945,潤泰新,45.3,[42;37m低於低價[0m
6184,大豐電,48.65,[41;37m價太高了[0m
9904,寶成,33.85,[41;37m價太高了[0m
9940,信義,27.55,[42;37m低於低價[0m
9910,豐泰,197,[41;37m價太高了[0m
9930,中聯資源,47,[44;37m在合理價以內[0m
9942,茂順,111,[41;37m價太高了[0m
9917,中保科,99.9,[41;37m價太高了[0m
9924,福興,42.5,[43;37m高於合理價[0m
9941,<optionvalue="9941">裕融,172.5,[41;37m價太高了[0m
9925,新保,39.9,[41;37m價太高了[0m
6201,亞弘電,39.9,[44;37m在合理價以內[0m
6151,晉倫,26.4,[42;37m低於低價[0m
6505,台塑化,82.7,[41;37m價太高了[0m
8926,台汽電,34.7,[41;37m價太高了[0m
9908,大台北,31.05,[41;37m價太高了[0m
9918,欣天然,42.3,[41;37m價太高了[0m
8917,欣泰,89.7,[41;37m價太高了[0m
9926,新海,51.8,[41;37m價太高了[0m
9931,欣高,39.4,[41;37m價太高了[0m
8908,欣雄,70.5,[41;37m價太高了[0m
2880,華南金,22.9,[41;37m價太高了[0m
2881,<optionvalue="2881">富邦金,60,[41;37m價太高了[0m
1730,花仙子,55.8,[41;37m價太高了[0m
4711,永純,15,[44;37m在合理價以內[0m
1710,東聯,18.75,[41;37m價太高了[0m
1717,長興,32.05,[41;37m價太高了[0m
1723,中碳,111.5,[41;37m價太高了[0m
1726,永記,71.9,[43;37m高於合理價[0m
1102,亞泥,44.1,[41;37m價太高了[0m
1101,<optionvalue="1101">台泥,37.8,[42;37m低於低價[0m
3260,威剛,66.5,[41;37m價太高了[0m
5487,通泰,25.2,[42;37m低於低價[0m
2330,台積電,522,[41;37m價太高了[0m
3034,聯詠,415.5,[41;37m價太高了[0m
9945,潤泰新,43.6,[42;37m低於低價[0m
6184,大豐電,49.25,[41;37m價太高了[0m
9904,寶成,33.45,[41;37m價太高了[0m
9940,信義,28.3,[42;37m低於低價[0m
9910,豐泰,183,[41;37m價太高了[0m
9930,中聯資源,47.1,[44;37m在合理價以內[0m
9942,茂順,120.5,[41;37m價太高了[0m
9917,中保科,100.5,[41;37m價太高了[0m
9924,福興,42.9,[43;37m高於合理價[0m
9941,<optionvalue="9941">裕融,173.5,[41;37m價太高了[0m
9925,新保,40.65,[41;37m價太高了[0m
6201,亞弘電,43.15,[43;37m高於合理價[0m
6151,晉倫,27.35,[44;37m在合理價以內[0m
6505,台塑化,83.6,[41;37m價太高了[0m
8926,台汽電,36.9,[41;37m價太高了[0m
9908,大台北,31.25,[41;37m價太高了[0m
9918,欣天然,42.3,[41;37m價太高了[0m
8917,欣泰,89.6,[41;37m價太高了[0m
9926,新海,52.5,[41;37m價太高了[0m
9931,欣高,39.15,[41;37m價太高了[0m
8908,欣雄,71.7,[41;37m價太高了[0m
2880,華南金,22.85,[41;37m價太高了[0m
2881,<optionvalue="2881">富邦金,59,[41;37m價太高了[0m
2882,<optionvalue="2882">國泰金,42.75,[41;37m價太高了[0m
2892,第一金,26.6,[41;37m價太高了[0m
2820,華票,15.35,[43;37m高於合理價[0m
2886,兆豐金,33.7,[41;37m價太高了[0m
2535,達欣工,31.7,[44;37m在合理價以內[0m
2538,基泰,13.3,[42;37m低於低價[0m
5511,德昌,31,[42;37m低於低價[0m
1216,統一,67.1,[41;37m價太高了[0m
1232,大統益,147.5,[41;37m價太高了[0m
1434,福懋,27.5,[43;37m高於合理價[0m
1451,年興,23.15,[44;37m在合理價以內[0m
1402,遠東新,32,[41;37m價太高了[0m
5604,中連,53.3,[42;37m低於低價[0m
3045,台灣大,95.5,[43;37m高於合理價[0m
4904,遠傳,68.6,[43;37m高於合理價[0m
2412,中華電,115,[41;37m價太高了[0m
2535,達欣工,31.7,[44;37m在合理價以內[0m
2912,統一超,265.5,[41;37m價太高了[0m
1303,南亞,74.7,[41;37m價太高了[0m
1301,台塑,90.2,[41;37m價太高了[0m
1326,台化,70.5,[43;37m高於合理價[0m
6189,<optionvalue="6189">豐藝,39.4,[42;37m低於低價[0m
2347,聯強,62.3,[41;37m價太高了[0m
6126,信音,21.5,[41;37m價太高了[0m
3090,日電貿,56.9,[43;37m高於合理價[0m
5464,霖宏,33.9,[41;37m價太高了[0m
2308,台達電,289.5,[41;37m價太高了[0m
6115,鎰勝,44.2,[42;37m低於低價[0m
2324,仁寶,24.25,[43;37m高於合理價[0m
2301,光寶科,69.2,[41;37m價太高了[0m
2395,研華,356.5,[41;37m價太高了[0m
2382,廣達,79.8,[43;37m高於合理價[0m
8255,朋程,173,[41;37m價太高了[0m
2103,台橡,28.75,[41;37m價太高了[0m
8930,青鋼,17.7,[41;37m價太高了[0m
2006,東和鋼鐵,62,[41;37m價太高了[0m
2002,<optionvalue="2002">中鋼,30.3,[41;37m價太高了[0m
0050,元大台灣50,台幣,[41;37msome thing wrong[0m
0056,元大高股息,台幣,[41;37msome thing wrong[0m
01003T,兆豐新光R1,台幣,[41;37msome thing wrong[0m
01007T,兆豐國泰R2,台幣,[41;37msome thing wrong[0m
2884,玉山金,24.8,[43;37m高於合理價[0m
5871,<optionvalue="5871">中租-KY,229,[41;37m價太高了[0m
6592,<optionvalue="6592">和潤企業,110,[41;37m價太高了[0m
9921,<optionvalue="9921">巨大,203,[41;37m價太高了[0m
2351,順德,124.5,[41;37m價太高了[0m
