1730,花仙子,56.7,[41;37m價太高了[0m
4711,永純,16.4,[43;37m高於合理價[0m
1710,東聯,18.75,[41;37m價太高了[0m
1717,長興,28.7,[43;37m高於合理價[0m
1723,中碳,114,[41;37m價太高了[0m
1726,永記,75.5,[41;37m價太高了[0m
1102,亞泥,40.05,[43;37m高於合理價[0m
1101,<optionvalue="1101">台泥,32.45,[42;37m低於低價[0m
3260,威剛,95.9,[41;37m價太高了[0m
5487,通泰,31.35,[43;37m高於合理價[0m
2330,台積電,628,[41;37m價太高了[0m
3034,聯詠,515,[41;37m價太高了[0m
9945,潤泰新,36.1,[42;37m低於低價[0m
6184,大豐電,51.9,[41;37m價太高了[0m
9904,寶成,31.65,[41;37m價太高了[0m
9940,信義,29.3,[42;37m低於低價[0m
9910,豐泰,164,[41;37m價太高了[0m
9930,中聯資源,55.8,[41;37m價太高了[0m
9942,茂順,128,[41;37m價太高了[0m
9917,中保科,118,[41;37m價太高了[0m
9924,福興,49.3,[41;37m價太高了[0m
9941,<optionvalue="9941">裕融,175,[41;37m價太高了[0m
9925,新保,40.1,[41;37m價太高了[0m
6201,亞弘電,62.5,[41;37m價太高了[0m
6151,晉倫,27.25,[44;37m在合理價以內[0m
6505,台塑化,76.2,[41;37m價太高了[0m
8926,台汽電,39.65,[41;37m價太高了[0m
9908,大台北,32.7,[41;37m價太高了[0m
9918,欣天然,40.4,[41;37m價太高了[0m
8917,欣泰,62,[41;37m價太高了[0m
9926,新海,55,[41;37m價太高了[0m
9931,欣高,38.65,[41;37m價太高了[0m
8908,欣雄,56,[41;37m價太高了[0m
2880,華南金,21.85,[41;37m價太高了[0m
2881,<optionvalue="2881">富邦金,64.8,[41;37m價太高了[0m
2882,<optionvalue="2882">國泰金,44.45,[41;37m價太高了[0m
2892,第一金,26.9,[41;37m價太高了[0m
2820,華票,14.75,[43;37m高於合理價[0m
2886,兆豐金,37.9,[41;37m價太高了[0m
2535,達欣工,48.6,[41;37m價太高了[0m
2538,基泰,15.45,[44;37m在合理價以內[0m
5511,德昌,70.1,[41;37m價太高了[0m
1216,統一,73.5,[41;37m價太高了[0m
1232,大統益,141,[41;37m價太高了[0m
1434,福懋,24.2,[44;37m在合理價以內[0m
1451,年興,19.3,[42;37m低於低價[0m
1402,遠東新,31.3,[41;37m價太高了[0m
5604,中連,43.3,[42;37m低於低價[0m
3045,台灣大,98.7,[43;37m高於合理價[0m
4904,遠傳,80.4,[41;37m價太高了[0m
2412,中華電,120,[41;37m價太高了[0m
2535,達欣工,48.6,[41;37m價太高了[0m
2912,統一超,270,[41;37m價太高了[0m
1303,南亞,62.3,[43;37m高於合理價[0m
1301,台塑,73.5,[43;37m高於合理價[0m
1326,台化,57.7,[42;37m低於低價[0m
6189,<optionvalue="6189">豐藝,61.2,[41;37m價太高了[0m
2347,聯強,72.7,[41;37m價太高了[0m
6126,<optionvalue="6126">信音,31.25,[41;37m價太高了[0m
3090,日電貿,57,[43;37m高於合理價[0m
5464,霖宏,31.15,[41;37m價太高了[0m
2308,台達電,280,[41;37m價太高了[0m
6115,鎰勝,46.55,[42;37m低於低價[0m
2324,仁寶,36.4,[41;37m價太高了[0m
2301,光寶科,109,[41;37m價太高了[0m
2395,研華,350.5,[41;37m價太高了[0m
2382,廣達,243,[41;37m價太高了[0m
8255,<optionvalue="8255">朋程,168.5,[41;37m價太高了[0m
2103,台橡,22.4,[44;37m在合理價以內[0m
8930,青鋼,40.8,[41;37m價太高了[0m
2006,東和鋼鐵,73.5,[41;37m價太高了[0m
2002,<optionvalue="2002">中鋼,25.25,[41;37m價太高了[0m
0050,元大台灣50,台幣,[41;37msome thing wrong[0m
0056,元大高股息,台幣,[41;37msome thing wrong[0m
01003T,SetLeftMenu,,[41;37msome thing wrong[0m
01007T,兆豐國泰R2,台幣,[41;37msome thing wrong[0m
2884,玉山金,24.9,[43;37m高於合理價[0m
5871,<optionvalue="5871">中租-KY,175,[41;37m價太高了[0m
6592,<optionvalue="6592">和潤企業,123,[41;37m價太高了[0m
9921,<optionvalue="9921">巨大,180.5,[41;37m價太高了[0m
2351,順德,102,[41;37m價太高了[0m
