1730,花仙子,56.2,[41;37m價太高了[0m
4711,永純,16.95,[41;37m價太高了[0m
1710,東聯,17.25,[41;37m價太高了[0m
1717,長興,31.7,[41;37m價太高了[0m
1723,中碳,112,[41;37m價太高了[0m
1726,永記,79.7,[41;37m價太高了[0m
1102,亞泥,44.2,[43;37m高於合理價[0m
1101,<optionvalue="1101">台泥,33.2,[42;37m低於低價[0m
3260,威剛,114.5,[41;37m價太高了[0m
5487,通泰,29.4,[41;37m價太高了[0m
2330,台積電,800,[41;37m價太高了[0m
3034,聯詠,640,[41;37m價太高了[0m
9945,潤泰新,41.8,[42;37m低於低價[0m
6184,<optionvalue="6184">大豐電,54.7,[41;37m價太高了[0m
9904,寶成,36.2,[41;37m價太高了[0m
9940,信義,33.4,[43;37m高於合理價[0m
9910,豐泰,165,[41;37m價太高了[0m
9930,中聯資源,68.1,[41;37m價太高了[0m
9942,茂順,130.5,[41;37m價太高了[0m
9917,中保科,131.5,[41;37m價太高了[0m
9924,福興,61.4,[41;37m價太高了[0m
9941,<optionvalue="9941">裕融,148.5,[41;37m價太高了[0m
9925,新保,41.8,[41;37m價太高了[0m
6201,亞弘電,61.8,[41;37m價太高了[0m
6151,晉倫,26.45,[42;37m低於低價[0m
6505,台塑化,71.5,[41;37m價太高了[0m
8926,台汽電,46.75,[41;37m價太高了[0m
9908,大台北,32.35,[41;37m價太高了[0m
9918,欣天然,41.4,[41;37m價太高了[0m
8917,欣泰,59.4,[41;37m價太高了[0m
9926,新海,54.3,[41;37m價太高了[0m
9931,欣高,37.55,[41;37m價太高了[0m
8908,欣雄,55.8,[41;37m價太高了[0m
2880,華南金,25.55,[41;37m價太高了[0m
2881,<optionvalue="2881">富邦金,69.9,[41;37m價太高了[0m
2882,<optionvalue="2882">國泰金,50.9,[41;37m價太高了[0m
2892,第一金,27.8,[41;37m價太高了[0m
2820,華票,15.45,[41;37m價太高了[0m
2886,兆豐金,40.95,[41;37m價太高了[0m
2535,達欣工,55.9,[41;37m價太高了[0m
2538,基泰,17.45,[41;37m價太高了[0m
5511,德昌,73,[41;37m價太高了[0m
1216,統一,77,[41;37m價太高了[0m
1232,大統益,145,[41;37m價太高了[0m
1434,福懋,23,[42;37m低於低價[0m
1451,年興,20.65,[44;37m在合理價以內[0m
1402,遠東新,33.7,[41;37m價太高了[0m
5604,中連,39.75,[42;37m低於低價[0m
3045,台灣大,104.5,[41;37m價太高了[0m
4904,遠傳,83,[41;37m價太高了[0m
2412,中華電,125.5,[41;37m價太高了[0m
2535,達欣工,55.9,[41;37m價太高了[0m
2912,統一超,275,[41;37m價太高了[0m
1303,南亞,56.9,[42;37m低於低價[0m
1301,台塑,68.3,[44;37m在合理價以內[0m
1326,台化,56.3,[42;37m低於低價[0m
6189,<optionvalue="6189">豐藝,90,[41;37m價太高了[0m
2347,聯強,82.7,[41;37m價太高了[0m
6126,<optionvalue="6126">信音,31.4,[41;37m價太高了[0m
3090,日電貿,66.9,[43;37m高於合理價[0m
5464,霖宏,32.7,[41;37m價太高了[0m
2308,台達電,326,[41;37m價太高了[0m
6115,鎰勝,56.2,[44;37m在合理價以內[0m
2324,仁寶,35.6,[41;37m價太高了[0m
2301,光寶科,99.1,[41;37m價太高了[0m
2395,研華,353,[41;37m價太高了[0m
2382,廣達,267,[41;37m價太高了[0m
8255,<optionvalue="8255">朋程,181,[41;37m價太高了[0m
2103,台橡,24.55,[41;37m價太高了[0m
8930,青鋼,39.9,[41;37m價太高了[0m
2006,東和鋼鐵,72.6,[41;37m價太高了[0m
2002,<optionvalue="2002">中鋼,24.9,[41;37m價太高了[0m
0050,元大台灣50,台幣,[41;37msome thing wrong[0m
0056,元大高股息,台幣,[41;37msome thing wrong[0m
01003T,SetLeftMenu,,[41;37msome thing wrong[0m
01007T,兆豐國泰R2,台幣,[41;37msome thing wrong[0m
2233,宇隆,137.5,[41;37m價太高了[0m
2449,京元電子,87.5,[41;37m價太高了[0m
2458,義隆,156.5,[41;37m價太高了[0m
2467,志聖,128,[41;37m價太高了[0m
2542,興富發,47.85,[43;37m高於合理價[0m
2884,玉山金,28.2,[41;37m價太高了[0m
2887,<optionvalue="2887">台新金,18.7,[41;37m價太高了[0m
2890,永豐金,22.75,[41;37m價太高了[0m
2891,<optionvalue="2891">中信金,36,[41;37m價太高了[0m
3105,穩懋,141,[41;37m價太高了[0m
3702,<optionvalue="3702">大聯大,93,[41;37m價太高了[0m
4938,和碩,99.8,[41;37m價太高了[0m
00878,國泰永續高股息,台幣,[41;37msome thing wrong[0m
00919,群益台灣精選高息,台幣,[41;37msome thing wrong[0m
00929,復華台灣科技優息,台幣,[41;37msome thing wrong[0m
00940,元大台灣價值高息,台幣,[41;37msome thing wrong[0m
