1730,花仙子,56.7,價太高了,41.60,46.41,52.00,4.58%
4711,永純,17.3,價太高了,13.60,15.17,17.00,4.91%
1710,東聯,19.2,價太高了,13.76,15.35,17.20,4.47%
1717,長興,32.15,價太高了,24.64,27.48,30.80,4.79%
1723,中碳,111.5,價太高了,87.52,97.63,109.40,4.90%
1726,永記,77,價太高了,58.40,65.15,73.00,4.74%
1102,亞泥,40.45,高於合理價,35.04,39.09,43.80,5.41%
1101,<optionvalue="1101">台泥,32.1,低於低價,38.88,43.37,48.60,7.57%
3260,威剛,100,價太高了,52.16,58.19,65.20,3.26%
5487,通泰,31.45,高於合理價,25.44,28.38,31.80,5.05%
2330,台積電,690,價太高了,68.00,75.86,85.00,.61%
3034,聯詠,601,價太高了,209.60,233.83,262.00,2.17%
9945,潤泰新,36.35,低於低價,56.48,63.01,70.60,9.71%
6184,大豐電,51.9,價太高了,37.92,42.30,47.40,4.56%
9904,寶成,30.5,價太高了,21.92,24.45,27.40,4.49%
9940,信義,29.5,低於低價,33.92,37.84,42.40,7.18%
9910,豐泰,165.5,價太高了,77.12,86.03,96.40,2.91%
9930,中聯資源,59.4,價太高了,43.36,48.37,54.20,4.56%
9942,茂順,135.5,價太高了,67.20,74.97,84.00,3.09%
9917,中保科,118.5,價太高了,64.80,72.29,81.00,3.41%
9924,福興,51.7,價太高了,36.96,41.23,46.20,4.46%
9941,<optionvalue="9941">裕融,165.5,價太高了,85.92,95.85,107.40,3.24%
9925,新保,40.05,價太高了,31.36,34.98,39.20,4.89%
6201,亞弘電,65.5,價太高了,38.24,42.66,47.80,3.64%
6151,晉倫,27.35,在合理價以內,27.20,30.34,34.00,6.21%
6505,台塑化,74.3,價太高了,51.20,57.12,64.00,4.30%
8926,台汽電,49.55,價太高了,23.36,26.06,29.20,2.94%
9908,大台北,32.4,價太高了,16.80,18.74,21.00,3.24%
9918,欣天然,40.4,價太高了,20.48,22.84,25.60,3.16%
8917,欣泰,61.3,價太高了,26.08,29.09,32.60,2.65%
9926,新海,54.5,價太高了,26.88,29.98,33.60,3.08%
9931,欣高,38.35,價太高了,21.28,23.74,26.60,3.46%
8908,欣雄,57.5,價太高了,26.40,29.45,33.00,2.86%
2880,華南金,22,價太高了,16.64,18.56,20.80,4.72%
2881,<optionvalue="2881">富邦金,68,價太高了,38.08,42.48,47.60,3.50%
2882,<optionvalue="2882">國泰金,45.05,價太高了,34.08,38.02,42.60,4.72%
2892,第一金,27.1,價太高了,19.36,21.59,24.20,4.46%
2820,華票,14.8,高於合理價,12.48,13.92,15.60,5.27%
2886,兆豐金,38.7,價太高了,23.36,26.06,29.20,3.77%
2535,達欣工,49.5,價太高了,29.28,32.66,36.60,3.69%
2538,基泰,15.35,低於低價,15.36,17.13,19.20,6.25%
5511,德昌,76.6,價太高了,31.52,35.16,39.40,2.57%
1216,統一,76.7,價太高了,41.44,46.23,51.80,3.37%
1232,大統益,144.5,價太高了,77.76,86.75,97.20,3.36%
1434,福懋,23.6,在合理價以內,23.36,26.06,29.20,6.18%
1451,年興,18.95,低於低價,21.12,23.56,26.40,6.96%
1402,遠東新,31.9,價太高了,21.60,24.09,27.00,4.23%
5604,中連,42.8,低於低價,55.84,62.29,69.80,8.15%
3045,台灣大,99,高於合理價,83.68,93.35,104.60,5.28%
4904,遠傳,78.7,價太高了,57.12,63.72,71.40,4.53%
2412,中華電,120.5,價太高了,76.00,84.78,95.00,3.94%
2535,達欣工,49.5,價太高了,29.28,32.66,36.60,3.69%
2912,統一超,269.5,價太高了,150.08,167.43,187.60,3.48%
1303,南亞,59.7,在合理價以內,55.36,61.76,69.20,5.79%
1301,台塑,71.7,高於合理價,63.84,71.22,79.80,5.56%
1326,台化,57.2,低於低價,60.80,67.83,76.00,6.64%
6189,<optionvalue="6189">豐藝,78.5,價太高了,42.72,47.65,53.40,3.40%
2347,聯強,77.8,價太高了,41.92,46.76,52.40,3.36%
6126,<optionvalue="6126">信音,40.8,價太高了,10.24,11.42,12.80,1.56%
3090,日電貿,63,價太高了,48.00,53.55,60.00,4.76%
5464,霖宏,31.3,價太高了,15.68,17.49,19.60,3.13%
2308,台達電,294.5,價太高了,85.92,95.85,107.40,1.82%
6115,鎰勝,49.6,低於低價,51.36,57.29,64.20,6.47%
2324,仁寶,36.5,價太高了,20.96,23.38,26.20,3.58%
2301,光寶科,109.5,價太高了,43.68,48.73,54.60,2.49%
2395,研華,390,價太高了,108.32,120.84,135.40,1.73%
2382,廣達,232,價太高了,66.40,74.07,83.00,1.78%
8255,<optionvalue="8255">朋程,168.5,價太高了,80.80,90.14,101.00,2.99%
2103,台橡,22.85,在合理價以內,21.12,23.56,26.40,5.77%
8930,青鋼,43.15,價太高了,12.48,13.92,15.60,1.80%
2006,東和鋼鐵,77.3,價太高了,29.44,32.84,36.80,2.38%
2002,<optionvalue="2002">中鋼,24.6,價太高了,15.20,16.95,19.00,3.86%
0050,元大台灣50,台幣,價太高了,28.64,31.95,35.80,%
0056,元大高股息,台幣,價太高了,20.80,23.20,26.00,%
01003T,SetLeftMenu,,價太高了,5.76,6.42,7.20,%
01007T,兆豐國泰R2,台幣,價太高了,3.36,3.74,4.20,%
2884,玉山金,25.25,高於合理價,21.12,23.56,26.40,5.22%
5871,<optionvalue="5871">中租-KY,174,價太高了,65.92,73.54,82.40,2.36%
6592,<optionvalue="6592">和潤企業,121,價太高了,29.92,33.37,37.40,1.54%
9921,<optionvalue="9921">巨大,203,價太高了,96.00,107.10,120.00,2.95%
2351,順德,103.5,價太高了,33.92,37.84,42.40,2.04%
