1730,花仙子,57.7,[41;37m價太高了[0m
4711,永純,16.35,[43;37m高於合理價[0m
1710,東聯,20.15,[41;37m價太高了[0m
1717,長興,29.1,[43;37m高於合理價[0m
1723,中碳,118.5,[41;37m價太高了[0m
1726,永記,75.6,[41;37m價太高了[0m
1102,亞泥,41.45,[43;37m高於合理價[0m
1101,<optionvalue="1101">台泥,34.85,[42;37m低於低價[0m
3260,威剛,103,[41;37m價太高了[0m
5487,通泰,28.9,[43;37m高於合理價[0m
2330,台積電,593,[41;37m價太高了[0m
3034,聯詠,517,[41;37m價太高了[0m
9945,潤泰新,37.75,[42;37m低於低價[0m
6184,大豐電,51.6,[41;37m價太高了[0m
9904,寶成,30.9,[41;37m價太高了[0m
9940,信義,29.95,[42;37m低於低價[0m
9910,豐泰,175,[41;37m價太高了[0m
9930,中聯資源,57.6,[41;37m價太高了[0m
9942,茂順,134.5,[41;37m價太高了[0m
9917,中保科,117,[41;37m價太高了[0m
9924,福興,47.85,[41;37m價太高了[0m
9941,<optionvalue="9941">裕融,186,[41;37m價太高了[0m
9925,新保,40.35,[41;37m價太高了[0m
6201,亞弘電,55.4,[41;37m價太高了[0m
6151,晉倫,26.9,[42;37m低於低價[0m
6505,台塑化,80.7,[41;37m價太高了[0m
8926,台汽電,40.25,[41;37m價太高了[0m
9908,大台北,32.7,[41;37m價太高了[0m
9918,欣天然,40.95,[41;37m價太高了[0m
8917,欣泰,65.4,[41;37m價太高了[0m
9926,新海,56,[41;37m價太高了[0m
9931,欣高,39.55,[41;37m價太高了[0m
8908,欣雄,58.3,[41;37m價太高了[0m
2880,華南金,22.35,[41;37m價太高了[0m
2881,<optionvalue="2881">富邦金,64.8,[41;37m價太高了[0m
2882,<optionvalue="2882">國泰金,45.75,[41;37m價太高了[0m
2892,第一金,27.4,[41;37m價太高了[0m
2820,華票,15.1,[43;37m高於合理價[0m
2886,兆豐金,39.2,[41;37m價太高了[0m
2535,達欣工,44.1,[41;37m價太高了[0m
2538,基泰,15.7,[44;37m在合理價以內[0m
5511,德昌,72.1,[41;37m價太高了[0m
1216,統一,74.5,[41;37m價太高了[0m
1232,大統益,142.5,[41;37m價太高了[0m
1434,福懋,25.2,[44;37m在合理價以內[0m
1451,年興,18.9,[42;37m低於低價[0m
1402,遠東新,31.2,[41;37m價太高了[0m
5604,中連,44.15,[42;37m低於低價[0m
3045,台灣大,98.6,[43;37m高於合理價[0m
4904,遠傳,79.8,[41;37m價太高了[0m
2412,中華電,120,[41;37m價太高了[0m
2535,達欣工,44.1,[41;37m價太高了[0m
2912,統一超,269.5,[41;37m價太高了[0m
1303,南亞,66.5,[43;37m高於合理價[0m
1301,台塑,79.2,[43;37m高於合理價[0m
1326,台化,62.3,[44;37m在合理價以內[0m
6189,<optionvalue="6189">豐藝,58.1,[41;37m價太高了[0m
2347,聯強,70.2,[41;37m價太高了[0m
6126,<optionvalue="6126">信音,31.15,[41;37m價太高了[0m
3090,日電貿,58.1,[43;37m高於合理價[0m
5464,霖宏,30.95,[41;37m價太高了[0m
2308,台達電,313.5,[41;37m價太高了[0m
6115,鎰勝,46.15,[42;37m低於低價[0m
2324,仁寶,39.85,[41;37m價太高了[0m
2301,光寶科,117,[41;37m價太高了[0m
2395,研華,372,[41;37m價太高了[0m
2382,廣達,224.5,[41;37m價太高了[0m
8255,<optionvalue="8255">朋程,185.5,[41;37m價太高了[0m
2103,台橡,24.1,[43;37m高於合理價[0m
8930,青鋼,38.25,[41;37m價太高了[0m
2006,東和鋼鐵,70.7,[41;37m價太高了[0m
2002,<optionvalue="2002">中鋼,27,[41;37m價太高了[0m
0050,元大台灣50,台幣,[41;37msome thing wrong[0m
0056,元大高股息,台幣,[41;37msome thing wrong[0m
01003T,SetLeftMenu,,[41;37msome thing wrong[0m
01007T,兆豐國泰R2,台幣,[41;37msome thing wrong[0m
2884,玉山金,25.8,[43;37m高於合理價[0m
5871,<optionvalue="5871">中租-KY,193,[41;37m價太高了[0m
6592,<optionvalue="6592">和潤企業,128,[41;37m價太高了[0m
9921,<optionvalue="9921">巨大,184,[41;37m價太高了[0m
2351,順德,113.5,[41;37m價太高了[0m
