1730,花仙子,56.7,[41;37m價太高了[0m
4711,永純,16.85,[43;37m高於合理價[0m
1710,東聯,18,[41;37m價太高了[0m
1717,長興,31.35,[41;37m價太高了[0m
1723,中碳,120.5,[41;37m價太高了[0m
1726,永記,80,[41;37m價太高了[0m
1102,亞泥,41.3,[43;37m高於合理價[0m
1101,<optionvalue="1101">台泥,32.15,[42;37m低於低價[0m
3260,威剛,98.7,[41;37m價太高了[0m
5487,通泰,31.2,[43;37m高於合理價[0m
2330,台積電,779,[41;37m價太高了[0m
3034,聯詠,604,[41;37m價太高了[0m
9945,潤泰新,35.15,[42;37m低於低價[0m
6184,<optionvalue="6184">大豐電,54.2,[41;37m價太高了[0m
9904,寶成,36.15,[41;37m價太高了[0m
9940,信義,30.45,[42;37m低於低價[0m
9910,豐泰,160.5,[41;37m價太高了[0m
9930,中聯資源,60.8,[41;37m價太高了[0m
9942,茂順,135,[41;37m價太高了[0m
9917,中保科,122,[41;37m價太高了[0m
9924,福興,53.9,[41;37m價太高了[0m
9941,<optionvalue="9941">裕融,146.5,[41;37m價太高了[0m
9925,新保,41.1,[41;37m價太高了[0m
6201,亞弘電,63.1,[41;37m價太高了[0m
6151,晉倫,26.65,[42;37m低於低價[0m
6505,台塑化,69.5,[41;37m價太高了[0m
8926,台汽電,46.9,[41;37m價太高了[0m
9908,大台北,32.35,[41;37m價太高了[0m
9918,欣天然,40.7,[41;37m價太高了[0m
8917,欣泰,58.5,[41;37m價太高了[0m
9926,新海,55,[41;37m價太高了[0m
9931,欣高,37.65,[41;37m價太高了[0m
8908,欣雄,57.4,[41;37m價太高了[0m
2880,華南金,23.15,[41;37m價太高了[0m
2881,<optionvalue="2881">富邦金,69.7,[41;37m價太高了[0m
2882,<optionvalue="2882">國泰金,48.65,[41;37m價太高了[0m
2892,第一金,27.7,[41;37m價太高了[0m
2820,華票,15.15,[43;37m高於合理價[0m
2886,兆豐金,40.65,[41;37m價太高了[0m
2535,達欣工,57.1,[41;37m價太高了[0m
2538,基泰,15,[42;37m低於低價[0m
5511,德昌,72,[41;37m價太高了[0m
1216,統一,77.5,[41;37m價太高了[0m
1232,大統益,147,[41;37m價太高了[0m
1434,福懋,22.5,[42;37m低於低價[0m
1451,年興,19.3,[42;37m低於低價[0m
1402,遠東新,33.25,[41;37m價太高了[0m
5604,中連,41.8,[42;37m低於低價[0m
3045,台灣大,104,[43;37m高於合理價[0m
4904,遠傳,82.3,[41;37m價太高了[0m
2412,中華電,126,[41;37m價太高了[0m
2535,達欣工,57.1,[41;37m價太高了[0m
2912,統一超,269.5,[41;37m價太高了[0m
1303,南亞,57.5,[44;37m在合理價以內[0m
1301,台塑,68.9,[44;37m在合理價以內[0m
1326,台化,55.2,[42;37m低於低價[0m
6189,<optionvalue="6189">豐藝,87.7,[41;37m價太高了[0m
2347,聯強,78.9,[41;37m價太高了[0m
6126,<optionvalue="6126">信音,37.45,[41;37m價太高了[0m
3090,日電貿,59.7,[43;37m高於合理價[0m
5464,霖宏,29.1,[41;37m價太高了[0m
2308,台達電,341,[41;37m價太高了[0m
6115,鎰勝,52.2,[44;37m在合理價以內[0m
2324,仁寶,36.2,[41;37m價太高了[0m
2301,光寶科,101,[41;37m價太高了[0m
2395,研華,404,[41;37m價太高了[0m
2382,廣達,293.5,[41;37m價太高了[0m
8255,<optionvalue="8255">朋程,184,[41;37m價太高了[0m
2103,台橡,23.15,[44;37m在合理價以內[0m
8930,青鋼,38.9,[41;37m價太高了[0m
2006,東和鋼鐵,69.1,[41;37m價太高了[0m
2002,<optionvalue="2002">中鋼,23.9,[41;37m價太高了[0m
0050,元大台灣50,台幣,[41;37msome thing wrong[0m
0056,元大高股息,台幣,[41;37msome thing wrong[0m
01003T,SetLeftMenu,,[41;37msome thing wrong[0m
01007T,兆豐國泰R2,台幣,[41;37msome thing wrong[0m
2884,玉山金,27.25,[41;37m價太高了[0m
5871,<optionvalue="5871">中租-KY,175.5,[41;37m價太高了[0m
6592,<optionvalue="6592">和潤企業,119.5,[41;37m價太高了[0m
9921,<optionvalue="9921">巨大,217.5,[41;37m價太高了[0m
2351,順德,96.5,[41;37m價太高了[0m
