1730,花仙子,56.4,[41;37m價太高了[0m
4711,永純,16.95,[41;37m價太高了[0m
1710,東聯,17.3,[41;37m價太高了[0m
1717,長興,31.1,[41;37m價太高了[0m
1723,中碳,112.5,[41;37m價太高了[0m
1726,永記,83,[41;37m價太高了[0m
1102,亞泥,41.55,[43;37m高於合理價[0m
1101,<optionvalue="1101">台泥,33,[42;37m低於低價[0m
3260,威剛,114,[41;37m價太高了[0m
5487,通泰,31.75,[41;37m價太高了[0m
2330,台積電,821,[41;37m價太高了[0m
3034,聯詠,593,[41;37m價太高了[0m
9945,潤泰新,44.6,[42;37m低於低價[0m
6184,<optionvalue="6184">大豐電,55.5,[41;37m價太高了[0m
9904,寶成,37.45,[41;37m價太高了[0m
9940,信義,33.5,[43;37m高於合理價[0m
9910,豐泰,154.5,[41;37m價太高了[0m
9930,中聯資源,65.1,[41;37m價太高了[0m
9942,茂順,128,[41;37m價太高了[0m
9917,中保科,123.5,[41;37m價太高了[0m
9924,福興,56.5,[41;37m價太高了[0m
9941,<optionvalue="9941">裕融,148.5,[41;37m價太高了[0m
9925,新保,42.4,[41;37m價太高了[0m
6201,亞弘電,64,[41;37m價太高了[0m
6151,晉倫,26.8,[42;37m低於低價[0m
6505,台塑化,67.4,[41;37m價太高了[0m
8926,台汽電,46.75,[41;37m價太高了[0m
9908,大台北,32.45,[41;37m價太高了[0m
9918,欣天然,42,[41;37m價太高了[0m
8917,欣泰,60.5,[41;37m價太高了[0m
9926,新海,55.1,[41;37m價太高了[0m
9931,欣高,36.9,[41;37m價太高了[0m
8908,欣雄,54.8,[41;37m價太高了[0m
2880,華南金,25,[41;37m價太高了[0m
2881,<optionvalue="2881">富邦金,73.4,[41;37m價太高了[0m
2882,<optionvalue="2882">國泰金,56.2,[41;37m價太高了[0m
2892,第一金,27.5,[41;37m價太高了[0m
2820,華票,15.4,[41;37m價太高了[0m
2886,兆豐金,39.05,[41;37m價太高了[0m
2535,達欣工,53.5,[41;37m價太高了[0m
2538,基泰,19.65,[41;37m價太高了[0m
5511,德昌,70.7,[41;37m價太高了[0m
1216,統一,80,[41;37m價太高了[0m
1232,大統益,145,[41;37m價太高了[0m
1434,福懋,23,[42;37m低於低價[0m
1451,年興,20.3,[44;37m在合理價以內[0m
1402,遠東新,33.8,[41;37m價太高了[0m
5604,中連,41.7,[42;37m低於低價[0m
3045,台灣大,105.5,[41;37m價太高了[0m
4904,遠傳,83.5,[41;37m價太高了[0m
2412,中華電,128,[41;37m價太高了[0m
2535,達欣工,53.5,[41;37m價太高了[0m
2912,統一超,270,[41;37m價太高了[0m
1303,南亞,53.2,[42;37m低於低價[0m
1301,台塑,65.3,[42;37m低於低價[0m
1326,台化,52.9,[42;37m低於低價[0m
6189,<optionvalue="6189">豐藝,91.5,[41;37m價太高了[0m
2347,聯強,84.4,[41;37m價太高了[0m
6126,<optionvalue="6126">信音,37.45,[41;37m價太高了[0m
3090,日電貿,68.2,[43;37m高於合理價[0m
5464,霖宏,32.05,[41;37m價太高了[0m
2308,台達電,325,[41;37m價太高了[0m
6115,鎰勝,55.9,[44;37m在合理價以內[0m
2324,仁寶,37.05,[41;37m價太高了[0m
2301,光寶科,107.5,[41;37m價太高了[0m
2395,研華,353,[41;37m價太高了[0m
2382,廣達,274,[41;37m價太高了[0m
8255,<optionvalue="8255">朋程,206.5,[41;37m價太高了[0m
2103,台橡,24,[41;37m價太高了[0m
8930,青鋼,37,[41;37m價太高了[0m
2006,東和鋼鐵,69.1,[41;37m價太高了[0m
2002,<optionvalue="2002">中鋼,23.75,[41;37m價太高了[0m
2233,宇隆,131.5,[41;37m價太高了[0m
2449,京元電子,88.2,[41;37m價太高了[0m
2458,義隆,163,[41;37m價太高了[0m
2467,志聖,140,[41;37m價太高了[0m
2542,興富發,45.8,[43;37m高於合理價[0m
2884,玉山金,28.6,[41;37m價太高了[0m
2887,<optionvalue="2887">台新金,18.4,[41;37m價太高了[0m
2890,永豐金,23.05,[41;37m價太高了[0m
2891,<optionvalue="2891">中信金,35.4,[41;37m價太高了[0m
3105,穩懋,141.5,[41;37m價太高了[0m
3702,<optionvalue="3702">大聯大,86.2,[41;37m價太高了[0m
4938,和碩,106,[41;37m價太高了[0m
