1730,花仙子,56.7,[41;37m價太高了[0m
4711,永純,17.3,[41;37m價太高了[0m
1710,東聯,19.2,[41;37m價太高了[0m
1717,長興,32.15,[41;37m價太高了[0m
1723,中碳,111.5,[41;37m價太高了[0m
1726,永記,77,[41;37m價太高了[0m
1102,亞泥,40.45,[43;37m高於合理價[0m
1101,<optionvalue="1101">台泥,32.1,[42;37m低於低價[0m
3260,威剛,100,[41;37m價太高了[0m
5487,通泰,31.45,[43;37m高於合理價[0m
2330,台積電,690,[41;37m價太高了[0m
3034,聯詠,601,[41;37m價太高了[0m
9945,潤泰新,36.35,[42;37m低於低價[0m
6184,大豐電,51.9,[41;37m價太高了[0m
9904,寶成,30.5,[41;37m價太高了[0m
9940,信義,29.5,[42;37m低於低價[0m
9910,豐泰,165.5,[41;37m價太高了[0m
9930,中聯資源,59.4,[41;37m價太高了[0m
9942,茂順,135.5,[41;37m價太高了[0m
9917,中保科,118.5,[41;37m價太高了[0m
9924,福興,51.7,[41;37m價太高了[0m
9941,<optionvalue="9941">裕融,165.5,[41;37m價太高了[0m
9925,新保,40.05,[41;37m價太高了[0m
6201,亞弘電,65.5,[41;37m價太高了[0m
6151,晉倫,27.35,[44;37m在合理價以內[0m
6505,台塑化,74.3,[41;37m價太高了[0m
8926,台汽電,49.55,[41;37m價太高了[0m
9908,大台北,32.4,[41;37m價太高了[0m
9918,欣天然,40.4,[41;37m價太高了[0m
8917,欣泰,61.3,[41;37m價太高了[0m
9926,新海,54.5,[41;37m價太高了[0m
9931,欣高,38.35,[41;37m價太高了[0m
8908,欣雄,57.5,[41;37m價太高了[0m
2880,華南金,22,[41;37m價太高了[0m
2881,<optionvalue="2881">富邦金,68,[41;37m價太高了[0m
2882,<optionvalue="2882">國泰金,45.05,[41;37m價太高了[0m
2892,第一金,27.1,[41;37m價太高了[0m
2820,華票,14.8,[43;37m高於合理價[0m
2886,兆豐金,38.7,[41;37m價太高了[0m
2535,達欣工,49.5,[41;37m價太高了[0m
2538,基泰,15.35,[42;37m低於低價[0m
5511,德昌,76.6,[41;37m價太高了[0m
1216,統一,76.7,[41;37m價太高了[0m
1232,大統益,144.5,[41;37m價太高了[0m
1434,福懋,23.6,[44;37m在合理價以內[0m
1451,年興,18.95,[42;37m低於低價[0m
1402,遠東新,31.9,[41;37m價太高了[0m
5604,中連,42.8,[42;37m低於低價[0m
3045,台灣大,99,[43;37m高於合理價[0m
4904,遠傳,78.7,[41;37m價太高了[0m
2412,中華電,120.5,[41;37m價太高了[0m
2535,達欣工,49.5,[41;37m價太高了[0m
2912,統一超,269.5,[41;37m價太高了[0m
1303,南亞,59.7,[44;37m在合理價以內[0m
1301,台塑,71.7,[43;37m高於合理價[0m
1326,台化,57.2,[42;37m低於低價[0m
6189,<optionvalue="6189">豐藝,78.5,[41;37m價太高了[0m
2347,聯強,77.8,[41;37m價太高了[0m
6126,<optionvalue="6126">信音,40.8,[41;37m價太高了[0m
3090,日電貿,63,[41;37m價太高了[0m
5464,霖宏,31.3,[41;37m價太高了[0m
2308,台達電,294.5,[41;37m價太高了[0m
6115,鎰勝,49.6,[42;37m低於低價[0m
2324,仁寶,36.5,[41;37m價太高了[0m
2301,光寶科,109.5,[41;37m價太高了[0m
2395,研華,390,[41;37m價太高了[0m
2382,廣達,232,[41;37m價太高了[0m
8255,<optionvalue="8255">朋程,168.5,[41;37m價太高了[0m
2103,台橡,22.85,[44;37m在合理價以內[0m
8930,青鋼,43.15,[41;37m價太高了[0m
2006,東和鋼鐵,77.3,[41;37m價太高了[0m
2002,<optionvalue="2002">中鋼,24.6,[41;37m價太高了[0m
0050,元大台灣50,台幣,[41;37msome thing wrong[0m
0056,元大高股息,台幣,[41;37msome thing wrong[0m
01003T,SetLeftMenu,,[41;37msome thing wrong[0m
01007T,兆豐國泰R2,台幣,[41;37msome thing wrong[0m
2884,玉山金,25.25,[43;37m高於合理價[0m
5871,<optionvalue="5871">中租-KY,174,[41;37m價太高了[0m
6592,<optionvalue="6592">和潤企業,121,[41;37m價太高了[0m
9921,<optionvalue="9921">巨大,203,[41;37m價太高了[0m
2351,順德,103.5,[41;37m價太高了[0m
