2002,中鋼,現值60237.00,獲利114615.33,獲利率79.00%,花費143290.00,成本價16.88
2324,仁寶,現值272400.0,獲利140324.08,獲利率52.00%,花費266040.00,成本價12.25
2892,第一金,現值105800.00,獲利83945.74,獲利率138.00%,花費60640.0,成本價5.34
2880,華南金,現值45600.0,獲利38274.22,獲利率132.00%,花費28910.00,成本價3.56
2105,正新,現值34200.0,獲利-9746.25,獲利率-10.00%,花費93020.0,成本價43.82
2347,聯強,現值59700.0,獲利36575.83,獲利率107.00%,花費34020,成本價22.86
2103,台橡,現值0,獲利4851.06,獲利率17.00%,花費28220.0,成本價26.41
6115,鎰勝,現值42450.00,獲利32.16,獲利率0%,花費45020,成本價42.23
9940,信義,現值26950.00,獲利-1699.25,獲利率-5.00%,花費30220.0,成本價28.53
2002,中鋼,現值60237.00,獲利114615.33,獲利率79.00%,花費143290.00,成本價16.88
2324,仁寶,現值272400.0,獲利140324.08,獲利率52.00%,花費266040.00,成本價12.25
2892,第一金,現值105800.00,獲利83945.74,獲利率138.00%,花費60640.0,成本價5.34
2880,華南金,現值45600.0,獲利38274.22,獲利率132.00%,花費28910.00,成本價3.56
2105,正新,現值34200.0,獲利-9746.25,獲利率-10.00%,花費93020.0,成本價43.82
2347,聯強,現值59700.0,獲利36575.83,獲利率107.00%,花費34020,成本價22.86
2103,台橡,現值0,獲利4851.06,獲利率17.00%,花費28220.0,成本價26.41
6115,鎰勝,現值42450.00,獲利32.16,獲利率0%,花費45020,成本價42.23
9940,信義,現值26950.00,獲利-1699.25,獲利率-5.00%,花費30220.0,成本價28.53
2002,中鋼,現值60237.00,獲利114615.33,獲利率79.00%,花費143290.00,成本價16.88
2324,仁寶,現值272400.0,獲利140324.08,獲利率52.00%,花費266040.00,成本價12.25
2892,第一金,現值105800.00,獲利83945.74,獲利率138.00%,花費60640.0,成本價5.34
2880,華南金,現值45600.0,獲利38274.22,獲利率132.00%,花費28910.00,成本價3.56
2105,正新,現值34200.0,獲利-9746.25,獲利率-10.00%,花費93020.0,成本價43.82
2347,聯強,現值59700.0,獲利36575.83,獲利率107.00%,花費34020,成本價22.86
2103,台橡,現值0,獲利4851.06,獲利率17.00%,花費28220.0,成本價26.41
6115,鎰勝,現值42450.00,獲利32.16,獲利率0%,花費45020,成本價42.23
9940,信義,現值26950.00,獲利-1699.25,獲利率-5.00%,花費30220.0,成本價28.53
2002,中鋼,現值60237.00,獲利114615.33,獲利率79.00%,花費143290.00,成本價16.88
2324,仁寶,現值272400.0,獲利140324.08,獲利率52.00%,花費266040.00,成本價12.25
2892,第一金,現值105800.00,獲利83945.74,獲利率138.00%,花費60640.0,成本價5.34
2880,華南金,現值45600.0,獲利38274.22,獲利率132.00%,花費28910.00,成本價3.56
2105,正新,現值34200.0,獲利-9746.25,獲利率-10.00%,花費93020.0,成本價43.82
2347,聯強,現值59700.0,獲利36575.83,獲利率107.00%,花費34020,成本價22.86
2103,台橡,現值0,獲利4851.06,獲利率17.00%,花費28220.0,成本價26.41
6115,鎰勝,現值42450.00,獲利32.16,獲利率0%,花費45020,成本價42.23
9940,信義,現值26950.00,獲利-1699.25,獲利率-5.00%,花費30220.0,成本價28.53
2002,中鋼,現值60237.00,獲利114615.33,獲利率79.00%,花費143290.00,成本價16.88
2324,仁寶,現值272400.0,獲利140324.08,獲利率52.00%,花費266040.00,成本價12.25
2892,第一金,現值105800.00,獲利83945.74,獲利率138.00%,花費60640.0,成本價5.34
2880,華南金,現值45600.0,獲利38274.22,獲利率132.00%,花費28910.00,成本價3.56
2105,正新,現值34200.0,獲利-9746.25,獲利率-10.00%,花費93020.0,成本價43.82
2347,聯強,現值59700.0,獲利36575.83,獲利率107.00%,花費34020,成本價22.86
2103,台橡,現值0,獲利4851.06,獲利率17.00%,花費28220.0,成本價26.41
6115,鎰勝,現值42450.00,獲利32.16,獲利率0%,花費45020,成本價42.23
9940,信義,現值26950.00,獲利-1699.25,獲利率-5.00%,花費30220.0,成本價28.53
2002,中鋼,現值60237.00,獲利114615.33,獲利率79.00%,花費143290.00,成本價16.88
2324,仁寶,現值272400.0,獲利140324.08,獲利率52.00%,花費266040.00,成本價12.25
2892,第一金,現值105800.00,獲利83945.74,獲利率138.00%,花費60640.0,成本價5.34
2880,華南金,現值45600.0,獲利38274.22,獲利率132.00%,花費28910.00,成本價3.56
2105,正新,現值34200.0,獲利-9746.25,獲利率-10.00%,花費93020.0,成本價43.82
2347,聯強,現值59700.0,獲利36575.83,獲利率107.00%,花費34020,成本價22.86
2103,台橡,現值0,獲利4851.06,獲利率17.00%,花費28220.0,成本價26.41
6115,鎰勝,現值42450.00,獲利32.16,獲利率0%,花費45020,成本價42.23
9940,信義,現值26950.00,獲利-1699.25,獲利率-5.00%,花費30220.0,成本價28.53
2002,中鋼,現值60237.00,獲利114615.33,獲利率79.00%,花費143290.00,成本價16.88
2324,仁寶,現值272400.0,獲利140324.08,獲利率52.00%,花費266040.00,成本價12.25
2892,第一金,現值105800.00,獲利83945.74,獲利率138.00%,花費60640.0,成本價5.34
2880,華南金,現值45600.0,獲利38274.22,獲利率132.00%,花費28910.00,成本價3.56
2105,正新,現值34200.0,獲利-9746.25,獲利率-10.00%,花費93020.0,成本價43.82
2347,聯強,現值59700.0,獲利36575.83,獲利率107.00%,花費34020,成本價22.86
2103,台橡,現值0,獲利4851.06,獲利率17.00%,花費28220.0,成本價26.41
6115,鎰勝,現值42450.00,獲利32.16,獲利率0%,花費45020,成本價42.23
9940,信義,現值26950.00,獲利-1699.25,獲利率-5.00%,花費30220.0,成本價28.53
2002,中鋼,現值60237.00,獲利114615.33,獲利率79.00%,花費143290.00,成本價16.88
2324,仁寶,現值272400.0,獲利140324.08,獲利率52.00%,花費266040.00,成本價12.25
2892,第一金,現值105800.00,獲利83945.74,獲利率138.00%,花費60640.0,成本價5.34
2880,華南金,現值45600.0,獲利38274.22,獲利率132.00%,花費28910.00,成本價3.56
2105,正新,現值34200.0,獲利-9746.25,獲利率-10.00%,花費93020.0,成本價43.82
2347,聯強,現值59700.0,獲利36575.83,獲利率107.00%,花費34020,成本價22.86
2103,台橡,現值0,獲利4851.06,獲利率17.00%,花費28220.0,成本價26.41
6115,鎰勝,現值42450.00,獲利32.16,獲利率0%,花費45020,成本價42.23
9940,信義,現值26950.00,獲利-1699.25,獲利率-5.00%,花費30220.0,成本價28.53
2002,中鋼,現值60237.00,獲利114615.33,獲利率79.00%,花費143290.00,成本價16.88
2324,仁寶,現值272400.0,獲利140324.08,獲利率52.00%,花費266040.00,成本價12.25
2892,第一金,現值105800.00,獲利83945.74,獲利率138.00%,花費60640.0,成本價5.34
2880,華南金,現值45600.0,獲利38274.22,獲利率132.00%,花費28910.00,成本價3.56
2105,正新,現值34200.0,獲利-9746.25,獲利率-10.00%,花費93020.0,成本價43.82
2347,聯強,現值59700.0,獲利36575.83,獲利率107.00%,花費34020,成本價22.86
2103,台橡,現值0,獲利4851.06,獲利率17.00%,花費28220.0,成本價26.41
6115,鎰勝,現值42450.00,獲利32.16,獲利率0%,花費45020,成本價42.23
9940,信義,現值26950.00,獲利-1699.25,獲利率-5.00%,花費30220.0,成本價28.53
2002,中鋼,現值60237.00,獲利114615.33,獲利率79.00%,花費143290.00,成本價16.88
2324,仁寶,現值272400.0,獲利140324.08,獲利率52.00%,花費266040.00,成本價12.25
2892,第一金,現值105800.00,獲利83945.74,獲利率138.00%,花費60640.0,成本價5.34
2880,華南金,現值45600.0,獲利38274.22,獲利率132.00%,花費28910.00,成本價3.56
2105,正新,現值34200.0,獲利-9746.25,獲利率-10.00%,花費93020.0,成本價43.82
2002,中鋼,現值,獲利,獲利率%,花費,成本價
2347,聯強,現值59700.0,獲利25415.83,獲利率74.00%,花費34020,成本價
2103,台橡,現值0,獲利109737.06,獲利率388.00%,花費28220.0,成本價-78.47
2324,仁寶,現值0,獲利109737.06,獲利率388.00%,花費28220.0,成本價-78.47
6115,,現值,獲利,獲利率%,花費16520.0,成本價
2892,第一金,現值,獲利,獲利率%,花費,成本價
9940,信義,現值26950.00,獲利-1699.25,獲利率-5.00%,花費30220.0,成本價28.53
2880,華南金,現值45600.0,獲利38274.22,獲利率132.00%,花費28910.00,成本價3.56
2105,正新,現值34200.0,獲利-9746.25,獲利率-10.00%,花費93020.0,成本價43.82
2347,聯強,現值59700.0,獲利36575.83,獲利率107.00%,花費34020,成本價22.86
2103,台橡,現值0,獲利4851.06,獲利率17.00%,花費28220.0,成本價26.41
6115,鎰勝,現值42450.00,獲利32.16,獲利率0%,花費45020,成本價42.23
9940,信義,現值26950.00,獲利-1699.25,獲利率-5.00%,花費30220.0,成本價28.53
2002,中鋼,現值60237.00,獲利114615.33,獲利率79.00%,花費143290.00,成本價16.88
2324,仁寶,現值272400.0,獲利140324.08,獲利率52.00%,花費266040.00,成本價12.25
2892,第一金,現值105800.00,獲利83945.74,獲利率138.00%,花費60640.0,成本價5.34
2880,華南金,現值45600.0,獲利38274.22,獲利率132.00%,花費28910.00,成本價3.56
2105,正新,現值34200.0,獲利-9746.25,獲利率-10.00%,花費93020.0,成本價43.82
2347,聯強,現值59700.0,獲利36575.83,獲利率107.00%,花費34020,成本價22.86
2103,台橡,現值0,獲利4851.06,獲利率17.00%,花費28220.0,成本價26.41
6115,鎰勝,現值42450.00,獲利32.16,獲利率0%,花費45020,成本價42.23
9940,信義,現值26950.00,獲利-1699.25,獲利率-5.00%,花費30220.0,成本價28.53
2002,中鋼,現值60237.00,獲利114615.33,獲利率79.00%,花費143290.00,成本價16.88
2324,仁寶,現值272400.0,獲利140324.08,獲利率52.00%,花費266040.00,成本價12.25
2892,第一金,現值105800.00,獲利83945.74,獲利率138.00%,花費60640.0,成本價5.34
2880,華南金,現值45600.0,獲利38274.22,獲利率132.00%,花費28910.00,成本價3.56
2105,正新,現值34200.0,獲利-9746.25,獲利率-10.00%,花費93020.0,成本價43.82
2347,聯強,現值59700.0,獲利36575.83,獲利率107.00%,花費34020,成本價22.86
2103,台橡,現值0,獲利4851.06,獲利率17.00%,花費28220.0,成本價26.41
6115,鎰勝,現值42450.00,獲利32.16,獲利率0%,花費45020,成本價42.23
9940,信義,現值26950.00,獲利-1699.25,獲利率-5.00%,花費30220.0,成本價28.53
2002,中鋼,現值60237.00,獲利114615.33,獲利率79.00%,花費143290.00,成本價16.88
2324,仁寶,現值272400.0,獲利140324.08,獲利率52.00%,花費266040.00,成本價12.25
2892,第一金,現值105800.00,獲利83945.74,獲利率138.00%,花費60640.0,成本價5.34
2880,華南金,現值45600.0,獲利38274.22,獲利率132.00%,花費28910.00,成本價3.56
2105,正新,現值34200.0,獲利-9746.25,獲利率-10.00%,花費93020.0,成本價43.82
2347,聯強,現值59700.0,獲利36575.83,獲利率107.00%,花費34020,成本價22.86
2002,中鋼,現值60237.00,獲利114615.33,獲利率79.00%,花費143290.00,成本價16.88
2324,仁寶,現值272400.0,獲利140324.08,獲利率52.00%,花費266040.00,成本價12.25
2892,第一金,現值105800.00,獲利83945.74,獲利率138.00%,花費60640.0,成本價5.34
2880,華南金,現值45600.0,獲利38274.22,獲利率132.00%,花費28910.00,成本價3.56
2105,正新,現值34200.0,獲利-9746.25,獲利率-10.00%,花費93020.0,成本價43.82
2347,聯強,現值59700.0,獲利36575.83,獲利率107.00%,花費34020,成本價22.86
2103,台橡,現值0,獲利4851.06,獲利率17.00%,花費28220.0,成本價26.41
6115,鎰勝,現值42450.00,獲利32.16,獲利率0%,花費45020,成本價42.23
9940,信義,現值26950.00,獲利-1699.25,獲利率-5.00%,花費30220.0,成本價28.53
2002,中鋼,現值60237.00,獲利114615.33,獲利率79.00%,花費143290.00,成本價16.88
2324,仁寶,現值272400.0,獲利140324.08,獲利率52.00%,花費266040.00,成本價12.25
2892,第一金,現值105800.00,獲利83945.74,獲利率138.00%,花費60640.0,成本價5.34
