2002,中鋼,現值62080.00,獲利116507.17,獲利率81.00%,花費143290.00,成本價16.87
2324,仁寶,現值273600.0,獲利141518.77,獲利率53.00%,花費266040.00,成本價12.25
2892,第一金,現值105200.0,獲利83270.09,獲利率137.00%,花費60640.0,成本價5.36
2880,華南金,現值45800.0,獲利38538.84,獲利率133.00%,花費28910.00,成本價3.52
2105,正新,現值34700.0,獲利-9248.46,獲利率-9.00%,花費93020.0,成本價43.82
2347,聯強,現值61300.0,獲利38168.75,獲利率112.00%,花費34020,成本價22.86
2103,台橡,現值0,獲利4851.06,獲利率17.00%,花費28220.0,成本價26.41
6115,鎰勝,現值43350.00,獲利928.18,獲利率2.00%,花費45020,成本價42.23
9940,信義,現值27550.00,獲利-1101.90,獲利率-3.00%,花費30220.0,成本價28.53
2002,中鋼,現值62080.00,獲利116507.17,獲利率81.00%,花費143290.00,成本價16.87
2324,仁寶,現值273600.0,獲利141518.77,獲利率53.00%,花費266040.00,成本價12.25
2892,第一金,現值105200.0,獲利83270.09,獲利率137.00%,花費60640.0,成本價5.36
2880,華南金,現值45800.0,獲利38538.84,獲利率133.00%,花費28910.00,成本價3.52
2105,正新,現值34700.0,獲利-9248.46,獲利率-9.00%,花費93020.0,成本價43.82
2347,聯強,現值61300.0,獲利38168.75,獲利率112.00%,花費34020,成本價22.86
2103,台橡,現值0,獲利4851.06,獲利率17.00%,花費28220.0,成本價26.41
6115,鎰勝,現值43350.00,獲利928.18,獲利率2.00%,花費45020,成本價42.23
9940,信義,現值27550.00,獲利-1101.90,獲利率-3.00%,花費30220.0,成本價28.53
2002,中鋼,現值62080.00,獲利116507.17,獲利率81.00%,花費143290.00,成本價16.87
2324,仁寶,現值273600.0,獲利141518.77,獲利率53.00%,花費266040.00,成本價12.25
2892,第一金,現值105200.0,獲利83270.09,獲利率137.00%,花費60640.0,成本價5.36
2880,華南金,現值45800.0,獲利38538.84,獲利率133.00%,花費28910.00,成本價3.52
2105,正新,現值34700.0,獲利-9248.46,獲利率-9.00%,花費93020.0,成本價43.82
2347,聯強,現值61300.0,獲利38168.75,獲利率112.00%,花費34020,成本價22.86
2103,台橡,現值0,獲利4851.06,獲利率17.00%,花費28220.0,成本價26.41
6115,鎰勝,現值43350.00,獲利928.18,獲利率2.00%,花費45020,成本價42.23
9940,信義,現值27550.00,獲利-1101.90,獲利率-3.00%,花費30220.0,成本價28.53
2002,中鋼,現值62080.00,獲利116507.17,獲利率81.00%,花費143290.00,成本價16.87
2324,仁寶,現值273600.0,獲利141518.77,獲利率53.00%,花費266040.00,成本價12.25
2892,第一金,現值105200.0,獲利83270.09,獲利率137.00%,花費60640.0,成本價5.36
2880,華南金,現值45800.0,獲利38538.84,獲利率133.00%,花費28910.00,成本價3.52
2105,正新,現值34700.0,獲利-9248.46,獲利率-9.00%,花費93020.0,成本價43.82
2347,聯強,現值61300.0,獲利38168.75,獲利率112.00%,花費34020,成本價22.86
2103,台橡,現值0,獲利4851.06,獲利率17.00%,花費28220.0,成本價26.41
6115,鎰勝,現值43350.00,獲利928.18,獲利率2.00%,花費45020,成本價42.23
9940,信義,現值27550.00,獲利-1101.90,獲利率-3.00%,花費30220.0,成本價28.53
2002,中鋼,現值62080.00,獲利116507.17,獲利率81.00%,花費143290.00,成本價16.87
2324,仁寶,現值273600.0,獲利141518.77,獲利率53.00%,花費266040.00,成本價12.25
2892,第一金,現值105200.0,獲利83270.09,獲利率137.00%,花費60640.0,成本價5.36
2880,華南金,現值45800.0,獲利38538.84,獲利率133.00%,花費28910.00,成本價3.52
2105,正新,現值34700.0,獲利-9248.46,獲利率-9.00%,花費93020.0,成本價43.82
2347,聯強,現值61300.0,獲利38168.75,獲利率112.00%,花費34020,成本價22.86
2103,台橡,現值0,獲利4851.06,獲利率17.00%,花費28220.0,成本價26.41
6115,鎰勝,現值43350.00,獲利928.18,獲利率2.00%,花費45020,成本價42.23
9940,信義,現值27550.00,獲利-1101.90,獲利率-3.00%,花費30220.0,成本價28.53
2002,中鋼,現值62080.00,獲利116507.17,獲利率81.00%,花費143290.00,成本價16.87
2324,仁寶,現值273600.0,獲利141518.77,獲利率53.00%,花費266040.00,成本價12.25
2892,第一金,現值105200.0,獲利83270.09,獲利率137.00%,花費60640.0,成本價5.36
2002,中鋼,現值64000,獲利59976.80,獲利率207.00%,花費28910.00,成本價1.87
2880,華南金,現值45800.0,獲利38538.84,獲利率133.00%,花費28910.00,成本價3.52
2105,正新,現值34700.0,獲利92077.54,獲利率98.00%,花費93020.0,成本價-6.83
2324,仁寶,現值22800.0,獲利80230.19,獲利率86.00%,花費93020.0,成本價-6.83
2347,聯強,現值245200.0,獲利194634.99,獲利率320.00%,花費60640.0,成本價12.37
2892,第一金,現值,獲利,獲利率%,花費,成本價
2103,台橡,現值0,獲利4515.11,獲利率15.00%,花費28220.0,成本價26.74
2880,華南金,現值0,獲利2790,獲利率%,花費0,成本價
6115,鎰勝,現值0,獲利2790,獲利率%,花費0,成本價
2105,,現值27550.00,獲利-1101.90,獲利率-3.00%,花費30220.0,成本價28.53
9940,信義,現值27550.00,獲利-1101.90,獲利率-3.00%,花費30220.0,成本價28.53
2347,,現值,獲利,獲利率%,花費34020,成本價
2103,台橡,現值0,獲利4851.06,獲利率17.00%,花費28220.0,成本價26.41
6115,鎰勝,現值43350.00,獲利928.18,獲利率2.00%,花費45020,成本價42.23
9940,信義,現值27550.00,獲利-1101.90,獲利率-3.00%,花費30220.0,成本價28.53
2002,中鋼,現值62080.00,獲利116507.17,獲利率81.00%,花費143290.00,成本價16.87
2324,仁寶,現值273600.0,獲利141518.77,獲利率53.00%,花費266040.00,成本價12.25
2892,第一金,現值105200.0,獲利83270.09,獲利率137.00%,花費60640.0,成本價5.36
2880,華南金,現值45800.0,獲利38538.84,獲利率133.00%,花費28910.00,成本價3.52
2105,正新,現值34700.0,獲利-9248.46,獲利率-9.00%,花費93020.0,成本價43.82
2347,聯強,現值61300.0,獲利38168.75,獲利率112.00%,花費34020,成本價22.86
2103,台橡,現值0,獲利4851.06,獲利率17.00%,花費28220.0,成本價26.41
6115,鎰勝,現值43350.00,獲利928.18,獲利率2.00%,花費45020,成本價42.23
9940,信義,現值27550.00,獲利-1101.90,獲利率-3.00%,花費30220.0,成本價28.53
2002,中鋼,現值62080.00,獲利116507.17,獲利率81.00%,花費143290.00,成本價16.87
2324,仁寶,現值273600.0,獲利141518.77,獲利率53.00%,花費266040.00,成本價12.25
2892,第一金,現值105200.0,獲利83270.09,獲利率137.00%,花費60640.0,成本價5.36
2880,華南金,現值45800.0,獲利38538.84,獲利率133.00%,花費28910.00,成本價3.52
2105,正新,現值34700.0,獲利-9248.46,獲利率-9.00%,花費93020.0,成本價43.82
2347,聯強,現值61300.0,獲利38168.75,獲利率112.00%,花費34020,成本價22.86
2103,台橡,現值0,獲利4851.06,獲利率17.00%,花費28220.0,成本價26.41
6115,鎰勝,現值43350.00,獲利928.18,獲利率2.00%,花費45020,成本價42.23
9940,信義,現值27550.00,獲利-1101.90,獲利率-3.00%,花費30220.0,成本價28.53
2002,中鋼,現值62080.00,獲利116507.17,獲利率81.00%,花費143290.00,成本價16.87
2324,仁寶,現值273600.0,獲利141518.77,獲利率53.00%,花費266040.00,成本價12.25
2892,第一金,現值105200.0,獲利83270.09,獲利率137.00%,花費60640.0,成本價5.36
2880,華南金,現值45800.0,獲利38538.84,獲利率133.00%,花費28910.00,成本價3.52
2105,正新,現值34700.0,獲利-9248.46,獲利率-9.00%,花費93020.0,成本價43.82
2347,聯強,現值61300.0,獲利38168.75,獲利率112.00%,花費34020,成本價22.86
2103,台橡,現值0,獲利4851.06,獲利率17.00%,花費28220.0,成本價26.41
6115,鎰勝,現值43350.00,獲利928.18,獲利率2.00%,花費45020,成本價42.23
9940,信義,現值27550.00,獲利-1101.90,獲利率-3.00%,花費30220.0,成本價28.53
2002,中鋼,現值62080.00,獲利116507.17,獲利率81.00%,花費143290.00,成本價16.87
2324,仁寶,現值273600.0,獲利141518.77,獲利率53.00%,花費266040.00,成本價12.25
2892,第一金,現值105200.0,獲利83270.09,獲利率137.00%,花費60640.0,成本價5.36
2880,華南金,現值45800.0,獲利38538.84,獲利率133.00%,花費28910.00,成本價3.52
2105,正新,現值34700.0,獲利-9248.46,獲利率-9.00%,花費93020.0,成本價43.82
2347,聯強,現值61300.0,獲利38168.75,獲利率112.00%,花費34020,成本價22.86
2103,台橡,現值0,獲利4851.06,獲利率17.00%,花費28220.0,成本價26.41
6115,鎰勝,現值43350.00,獲利928.18,獲利率2.00%,花費45020,成本價42.23
9940,信義,現值27550.00,獲利-1101.90,獲利率-3.00%,花費30220.0,成本價28.53
2002,中鋼,現值62080.00,獲利116507.17,獲利率81.00%,花費143290.00,成本價16.87
2324,仁寶,現值273600.0,獲利141518.77,獲利率53.00%,花費266040.00,成本價12.25
2892,第一金,現值105200.0,獲利83270.09,獲利率137.00%,花費60640.0,成本價5.36
2880,華南金,現值45800.0,獲利20255.214,獲利率70.00%,花費28910.00,成本價12.67
2105,正新,現值67318.00,獲利101922.00,獲利率71.00%,花費143290.00,成本價19.70
2002,中鋼,現值,獲利,獲利率%,花費,成本價
2347,聯強,現值,獲利,獲利率%,花費,成本價
2324,仁寶,現值0,獲利109737.06,獲利率388.00%,花費28220.0,成本價-78.47
2103,台橡,現值0,獲利109737.06,獲利率388.00%,花費28220.0,成本價-78.47
6115,鎰勝,現值43350.00,獲利928.18,獲利率2.00%,花費45020,成本價42.23
2892,,現值,獲利,獲利率%,花費,成本價
9940,信義,現值27550.00,獲利-2791.90,獲利率-9.00%,花費30220.0,成本價
2880,華南金,現值45800.0,獲利28785.814,獲利率99.00%,花費28910.00,成本價8.40
2105,正新,現值34700.0,獲利-9248.46,獲利率-9.00%,花費93020.0,成本價43.82
2002,中鋼,現值,獲利,獲利率%,花費,成本價
2347,聯強,現值61300.0,獲利27008.75,獲利率79.00%,花費34020,成本價
2103,台橡,現值0,獲利109737.06,獲利率388.00%,花費28220.0,成本價-78.47
2324,仁寶,現值0,獲利109737.06,獲利率388.00%,花費28220.0,成本價-78.47
6115,,現值,獲利,獲利率%,花費89140.0,成本價
2892,第一金,現值,獲利,獲利率%,花費,成本價
9940,信義,現值,獲利,獲利率%,花費,成本價
2880,華南金,現值,獲利,獲利率%,花費,成本價
2105,正新,現值34700.0,獲利-9248.46,獲利率-9.00%,花費93020.0,成本價43.82
2347,聯強,現值61300.0,獲利38168.75,獲利率112.00%,花費34020,成本價22.86
2103,台橡,現值0,獲利4851.06,獲利率17.00%,花費28220.0,成本價26.41
6115,鎰勝,現值43350.00,獲利928.18,獲利率2.00%,花費45020,成本價42.23
9940,信義,現值27550.00,獲利-1101.90,獲利率-3.00%,花費30220.0,成本價28.53
2002,中鋼,現值62080.00,獲利116507.17,獲利率81.00%,花費143290.00,成本價16.87
2324,仁寶,現值273600.0,獲利141518.77,獲利率53.00%,花費266040.00,成本價12.25
2892,第一金,現值105200.0,獲利83270.09,獲利率137.00%,花費60640.0,成本價5.36
2880,華南金,現值45800.0,獲利38538.84,獲利率133.00%,花費28910.00,成本價3.52
2105,正新,現值34700.0,獲利-9248.46,獲利率-9.00%,花費93020.0,成本價43.82
2347,聯強,現值61300.0,獲利38168.75,獲利率112.00%,花費34020,成本價22.86
2103,台橡,現值0,獲利4851.06,獲利率17.00%,花費28220.0,成本價26.41
6115,鎰勝,現值43350.00,獲利928.18,獲利率2.00%,花費45020,成本價42.23
9940,信義,現值27550.00,獲利-1101.90,獲利率-3.00%,花費30220.0,成本價28.53
2002,中鋼,現值62080.00,獲利116507.17,獲利率81.00%,花費143290.00,成本價16.87
2324,仁寶,現值273600.0,獲利141518.77,獲利率53.00%,花費266040.00,成本價12.25
2892,第一金,現值105200.0,獲利83270.09,獲利率137.00%,花費60640.0,成本價5.36
2880,華南金,現值45800.0,獲利38538.84,獲利率133.00%,花費28910.00,成本價3.52
2105,正新,現值34700.0,獲利-9248.46,獲利率-9.00%,花費93020.0,成本價43.82
2347,聯強,現值61300.0,獲利38168.75,獲利率112.00%,花費34020,成本價22.86
2103,台橡,現值0,獲利4851.06,獲利率17.00%,花費28220.0,成本價26.41
6115,鎰勝,現值43350.00,獲利928.18,獲利率2.00%,花費45020,成本價42.23
9940,信義,現值27550.00,獲利-1101.90,獲利率-3.00%,花費30220.0,成本價28.53
2002,中鋼,現值62080.00,獲利116507.17,獲利率81.00%,花費143290.00,成本價16.87
2324,仁寶,現值273600.0,獲利141518.77,獲利率53.00%,花費266040.00,成本價12.25
2892,第一金,現值105200.0,獲利83270.09,獲利率137.00%,花費60640.0,成本價5.36
2880,華南金,現值45800.0,獲利38538.84,獲利率133.00%,花費28910.00,成本價3.52
2105,正新,現值34700.0,獲利-9248.46,獲利率-9.00%,花費93020.0,成本價43.82
2347,聯強,現值61300.0,獲利38168.75,獲利率112.00%,花費34020,成本價22.86
2103,台橡,現值0,獲利4851.06,獲利率17.00%,花費28220.0,成本價26.41
6115,鎰勝,現值43350.00,獲利928.18,獲利率2.00%,花費45020,成本價42.23
9940,信義,現值27550.00,獲利-1101.90,獲利率-3.00%,花費30220.0,成本價28.53
2002,中鋼,現值62080.00,獲利116507.17,獲利率81.00%,花費143290.00,成本價16.87
2324,仁寶,現值273600.0,獲利141518.77,獲利率53.00%,花費266040.00,成本價12.25
2892,第一金,現值105200.0,獲利83270.09,獲利率137.00%,花費60640.0,成本價5.36
2880,華南金,現值45800.0,獲利38538.84,獲利率133.00%,花費28910.00,成本價3.52
2105,正新,現值34700.0,獲利-9248.46,獲利率-9.00%,花費93020.0,成本價43.82
2347,聯強,現值61300.0,獲利38168.75,獲利率112.00%,花費34020,成本價22.86
2103,台橡,現值0,獲利4851.06,獲利率17.00%,花費28220.0,成本價26.41
6115,鎰勝,現值43350.00,獲利928.18,獲利率2.00%,花費45020,成本價42.23
9940,信義,現值27550.00,獲利-1101.90,獲利率-3.00%,花費30220.0,成本價28.53
2002,中鋼,現值62080.00,獲利116507.17,獲利率81.00%,花費143290.00,成本價16.87
2324,仁寶,現值273600.0,獲利141518.77,獲利率53.00%,花費266040.00,成本價12.25
2892,第一金,現值105200.0,獲利83270.09,獲利率137.00%,花費60640.0,成本價5.36
2880,華南金,現值45800.0,獲利38538.84,獲利率133.00%,花費28910.00,成本價3.52
2105,正新,現值34700.0,獲利-9248.46,獲利率-9.00%,花費93020.0,成本價43.82
2347,聯強,現值61300.0,獲利38168.75,獲利率112.00%,花費34020,成本價22.86
2103,台橡,現值0,獲利4851.06,獲利率17.00%,花費28220.0,成本價26.41
6115,鎰勝,現值43350.00,獲利928.18,獲利率2.00%,花費45020,成本價42.23
9940,信義,現值27550.00,獲利-1101.90,獲利率-3.00%,花費30220.0,成本價28.53
2002,中鋼,現值62080.00,獲利116507.17,獲利率81.00%,花費143290.00,成本價16.87
2324,仁寶,現值273600.0,獲利141518.77,獲利率53.00%,花費266040.00,成本價12.25
2892,第一金,現值105200.0,獲利83270.09,獲利率137.00%,花費60640.0,成本價5.36
2880,華南金,現值45800.0,獲利38538.84,獲利率133.00%,花費28910.00,成本價3.52
2105,正新,現值34700.0,獲利-9248.46,獲利率-9.00%,花費93020.0,成本價43.82
2347,聯強,現值61300.0,獲利38168.75,獲利率112.00%,花費34020,成本價22.86
2103,台橡,現值0,獲利4851.06,獲利率17.00%,花費28220.0,成本價26.41
6115,鎰勝,現值43350.00,獲利928.18,獲利率2.00%,花費45020,成本價42.23
9940,信義,現值27550.00,獲利-1101.90,獲利率-3.00%,花費30220.0,成本價28.53
2002,中鋼,現值62080.00,獲利116507.17,獲利率81.00%,花費143290.00,成本價16.87
2324,仁寶,現值273600.0,獲利141518.77,獲利率53.00%,花費266040.00,成本價12.25
2892,第一金,現值105200.0,獲利83270.09,獲利率137.00%,花費60640.0,成本價5.36
2880,華南金,現值45800.0,獲利38538.84,獲利率133.00%,花費28910.00,成本價3.52
2105,正新,現值34700.0,獲利-9248.46,獲利率-9.00%,花費93020.0,成本價43.82
2347,聯強,現值61300.0,獲利38168.75,獲利率112.00%,花費34020,成本價22.86
2103,台橡,現值0,獲利4851.06,獲利率17.00%,花費28220.0,成本價26.41
6115,鎰勝,現值43350.00,獲利928.18,獲利率2.00%,花費45020,成本價42.23
9940,信義,現值27550.00,獲利-1101.90,獲利率-3.00%,花費30220.0,成本價28.53
2002,中鋼,現值62080.00,獲利116507.17,獲利率81.00%,花費143290.00,成本價16.87
2324,仁寶,現值273600.0,獲利141518.77,獲利率53.00%,花費266040.00,成本價12.25
2892,第一金,現值105200.0,獲利83270.09,獲利率137.00%,花費60640.0,成本價5.36
2880,華南金,現值45800.0,獲利38538.84,獲利率133.00%,花費28910.00,成本價3.52
2105,正新,現值34700.0,獲利-9248.46,獲利率-9.00%,花費93020.0,成本價43.82
2347,聯強,現值61300.0,獲利38168.75,獲利率112.00%,花費34020,成本價22.86
2103,台橡,現值0,獲利4851.06,獲利率17.00%,花費28220.0,成本價26.41
6115,鎰勝,現值43350.00,獲利928.18,獲利率2.00%,花費45020,成本價42.23
9940,信義,現值27550.00,獲利-1101.90,獲利率-3.00%,花費30220.0,成本價28.53
2002,中鋼,現值62080.00,獲利116507.17,獲利率81.00%,花費143290.00,成本價16.87
2324,仁寶,現值273600.0,獲利141518.77,獲利率53.00%,花費266040.00,成本價12.25
2892,第一金,現值105200.0,獲利83270.09,獲利率137.00%,花費60640.0,成本價5.36
2002,中鋼,現值62080.00,獲利116507.17,獲利率81.00%,花費143290.00,成本價16.87
2880,華南金,現值44426.00,獲利98385.30,獲利率68.00%,花費143290.00,成本價16.95
2105,正新,現值34700.0,獲利-9248.46,獲利率-9.00%,花費93020.0,成本價43.82
2324,,現值22800.0,獲利80230.19,獲利率86.00%,花費93020.0,成本價-6.83
2347,聯強,現值61300.0,獲利27008.75,獲利率79.00%,花費34020,成本價
2892,第一金,現值,獲利,獲利率%,花費,成本價
2103,台橡,現值,獲利,獲利率%,花費,成本價
2880,華南金,現值,獲利,獲利率%,花費,成本價
6115,鎰勝,現值43350.00,獲利928.18,獲利率2.00%,花費45020,成本價42.23
9940,信義,現值27550.00,獲利-1101.90,獲利率-3.00%,花費30220.0,成本價28.53
2105,,現值,獲利,獲利率%,花費30220.0,成本價
2347,聯強,現值61300.0,獲利38168.75,獲利率112.00%,花費34020,成本價22.86
2103,台橡,現值0,獲利4851.06,獲利率17.00%,花費28220.0,成本價26.41
6115,鎰勝,現值43350.00,獲利928.18,獲利率2.00%,花費45020,成本價42.23
9940,信義,現值27550.00,獲利-1101.90,獲利率-3.00%,花費30220.0,成本價28.53
2002,中鋼,現值62080.00,獲利116507.17,獲利率81.00%,花費143290.00,成本價16.87
2324,仁寶,現值273600.0,獲利141518.77,獲利率53.00%,花費266040.00,成本價12.25
2892,第一金,現值105200.0,獲利83270.09,獲利率137.00%,花費60640.0,成本價5.36
2880,華南金,現值45800.0,獲利38538.84,獲利率133.00%,花費28910.00,成本價3.52
2105,正新,現值34700.0,獲利-9248.46,獲利率-9.00%,花費93020.0,成本價43.82
2347,聯強,現值61300.0,獲利38168.75,獲利率112.00%,花費34020,成本價22.86
2103,台橡,現值0,獲利4851.06,獲利率17.00%,花費28220.0,成本價26.41
6115,鎰勝,現值43350.00,獲利928.18,獲利率2.00%,花費45020,成本價42.23
9940,信義,現值27550.00,獲利-1101.90,獲利率-3.00%,花費30220.0,成本價28.53
2002,中鋼,現值62080.00,獲利116507.17,獲利率81.00%,花費143290.00,成本價16.87
2324,仁寶,現值273600.0,獲利141518.77,獲利率53.00%,花費266040.00,成本價12.25
2892,第一金,現值105200.0,獲利83270.09,獲利率137.00%,花費60640.0,成本價5.36
2880,華南金,現值45800.0,獲利38538.84,獲利率133.00%,花費28910.00,成本價3.52
2105,正新,現值34700.0,獲利-9248.46,獲利率-9.00%,花費93020.0,成本價43.82
2347,聯強,現值61300.0,獲利38168.75,獲利率112.00%,花費34020,成本價22.86
2103,台橡,現值0,獲利4851.06,獲利率17.00%,花費28220.0,成本價26.41
6115,鎰勝,現值43350.00,獲利928.18,獲利率2.00%,花費45020,成本價42.23
9940,信義,現值27550.00,獲利-1101.90,獲利率-3.00%,花費30220.0,成本價28.53
2002,中鋼,現值62080.00,獲利116507.17,獲利率81.00%,花費143290.00,成本價16.87
2324,仁寶,現值273600.0,獲利141518.77,獲利率53.00%,花費266040.00,成本價12.25
2892,第一金,現值105200.0,獲利83270.09,獲利率137.00%,花費60640.0,成本價5.36
2880,華南金,現值45800.0,獲利38538.84,獲利率133.00%,花費28910.00,成本價3.52
2105,正新,現值34700.0,獲利-9248.46,獲利率-9.00%,花費93020.0,成本價43.82
2347,聯強,現值61300.0,獲利38168.75,獲利率112.00%,花費34020,成本價22.86
2103,台橡,現值0,獲利4851.06,獲利率17.00%,花費28220.0,成本價26.41
6115,鎰勝,現值43350.00,獲利928.18,獲利率2.00%,花費45020,成本價42.23
9940,信義,現值27550.00,獲利-1101.90,獲利率-3.00%,花費30220.0,成本價28.53
2002,中鋼,現值62080.00,獲利116507.17,獲利率81.00%,花費143290.00,成本價16.87
2324,仁寶,現值273600.0,獲利141518.77,獲利率53.00%,花費266040.00,成本價12.25
2892,第一金,現值105200.0,獲利83270.09,獲利率137.00%,花費60640.0,成本價5.36
2880,華南金,現值45800.0,獲利38538.84,獲利率133.00%,花費28910.00,成本價3.52
2105,正新,現值34700.0,獲利-9248.46,獲利率-9.00%,花費93020.0,成本價43.82
2347,聯強,現值61300.0,獲利38168.75,獲利率112.00%,花費34020,成本價22.86
2103,台橡,現值0,獲利4851.06,獲利率17.00%,花費28220.0,成本價26.41
6115,鎰勝,現值43350.00,獲利928.18,獲利率2.00%,花費45020,成本價42.23
9940,信義,現值27550.00,獲利-1101.90,獲利率-3.00%,花費30220.0,成本價28.53
