2002,s,20,SetLeftMenu,現值,獲利,獲利率%,花費0,成本價
2002,s,40,SetLeftMenu,現值,獲利,獲利率%,花費0,成本價
2002,c,793,SetLeftMenu,現值,獲利,獲利率%,花費0,成本價
2002,c,1407,SetLeftMenu,現值,獲利,獲利率%,花費0,成本價
2002,c,3523,SetLeftMenu,現值,獲利,獲利率%,花費0,成本價
2002,c,4294,SetLeftMenu,現值,獲利,獲利率%,花費0,成本價
2002,c,4446,SetLeftMenu,現值,獲利,獲利率%,花費0,成本價
2002,c,5053,SetLeftMenu,現值,獲利,獲利率%,花費0,成本價
2002,c,2523,SetLeftMenu,現值,獲利,獲利率%,花費0,成本價
2002,c,1211,SetLeftMenu,現值,獲利,獲利率%,花費0,成本價
2324,c,10351,SetLeftMenu,現值,獲利,獲利率%,花費0,成本價
2324,c,13195,SetLeftMenu,現值,獲利,獲利率%,花費0,成本價
2324,c,15590,SetLeftMenu,現值,獲利,獲利率%,花費0,成本價
2324,c,15590,SetLeftMenu,現值,獲利,獲利率%,花費0,成本價
2324,c,15590,SetLeftMenu,現值,獲利,獲利率%,花費0,成本價
2324,c,15590,SetLeftMenu,現值,獲利,獲利率%,花費0,成本價
2324,c,20790,SetLeftMenu,現值,獲利,獲利率%,花費0,成本價
2892,c,3790,SetLeftMenu,現值,獲利,獲利率%,花費0,成本價
2892,s,180,SetLeftMenu,現值,獲利,獲利率%,花費0,成本價
2892,c,5006,SetLeftMenu,現值,獲利,獲利率%,花費0,成本價
2892,s,83,SetLeftMenu,現值,獲利,獲利率%,花費0,成本價
2892,c,3826,SetLeftMenu,現值,獲利,獲利率%,花費0,成本價
2892,c,4295,SetLeftMenu,現值,獲利,獲利率%,花費0,成本價
2892,c,4510,SetLeftMenu,現值,獲利,獲利率%,花費0,成本價
2892,c,4020,SetLeftMenu,現值,獲利,獲利率%,花費0,成本價
2892,s,42,SetLeftMenu,現值,獲利,獲利率%,花費0,成本價
2892,s,43,SetLeftMenu,現值,獲利,獲利率%,花費0,成本價
2892,s,130,SetLeftMenu,現值,獲利,獲利率%,花費0,成本價
2892,s,44,SetLeftMenu,現值,獲利,獲利率%,花費0,成本價
2880,c,1240,SetLeftMenu,現值,獲利,獲利率%,花費0,成本價
2880,c,1105,SetLeftMenu,現值,獲利,獲利率%,花費0,成本價
2880,c,1102,SetLeftMenu,現值,獲利,獲利率%,花費0,成本價
2880,c,1260,SetLeftMenu,現值,獲利,獲利率%,花費0,成本價
2880,c,1468,SetLeftMenu,現值,獲利,獲利率%,花費0,成本價
2880,c,677,SetLeftMenu,現值,獲利,獲利率%,花費0,成本價
2880,s,124,SetLeftMenu,現值,獲利,獲利率%,花費0,成本價
2880,s,100,SetLeftMenu,現值,獲利,獲利率%,花費0,成本價
2880,s,100,SetLeftMenu,現值,獲利,獲利率%,花費0,成本價
2880,s,126,SetLeftMenu,現值,獲利,獲利率%,花費0,成本價
2880,s,137,SetLeftMenu,現值,獲利,獲利率%,花費0,成本價
2880,s,68,SetLeftMenu,現值,獲利,獲利率%,花費0,成本價
2105,c,2190,SetLeftMenu,現值,獲利,獲利率%,花費0,成本價
2105,c,1990,SetLeftMenu,現值,獲利,獲利率%,花費0,成本價
2105,c,1190,SetLeftMenu,現值,獲利,獲利率%,花費0,成本價
2347,c,1990,SetLeftMenu,現值,獲利,獲利率%,花費0,成本價
2347,c,2590,SetLeftMenu,現值,獲利,獲利率%,花費0,成本價
2347,c,3290,SetLeftMenu,現值,獲利,獲利率%,花費0,成本價
2347,c,3290,SetLeftMenu,現值,獲利,獲利率%,花費0,成本價
2103,c,970,SetLeftMenu,現值,獲利,獲利率%,花費0,成本價
2103,c,490,SetLeftMenu,現值,獲利,獲利率%,花費0,成本價
2103,c,350,SetLeftMenu,現值,獲利,獲利率%,花費0,成本價
6115,c,2790,SetLeftMenu,現值,獲利,獲利率%,花費0,成本價
9940,c,1690,SetLeftMenu,現值,獲利,獲利率%,花費0,成本價
2324,c,25551,SetLeftMenu,現值,獲利,獲利率%,花費0,成本價
2347,c,4990,SetLeftMenu,現值,獲利,獲利率%,花費0,成本價
9940,c,2790,SetLeftMenu,現值,獲利,獲利率%,花費0,成本價
#20230724,,現值,獲利,獲利率%,花費0,成本價
2105,c,1390,SetLeftMenu,現值,獲利,獲利率%,花費0,成本價
9940,c,1190,SetLeftMenu,現值,獲利,獲利率%,花費0,成本價
2347,c,3490,SetLeftMenu,現值,獲利,獲利率%,花費0,成本價
2324,c,15590,SetLeftMenu,現值,獲利,獲利率%,花費0,成本價
2002,中鋼,現值51604.00,獲利105753.53,獲利率73.00%,花費143290.00,成本價16.92
2324,仁寶,現值412800.0,獲利280102.81,獲利率105.00%,花費266040.00,成本價12.25
2892,第一金,現值105200.0,獲利83270.09,獲利率137.00%,花費60640.0,成本價5.36
2880,華南金,現值41600.0,獲利32981.92,獲利率114.00%,花費28910.00,成本價4.21
2105,正新,現值38100.0,獲利-5863.51,獲利率-6.00%,花費93020.0,成本價43.82
2347,聯強,現值59500.0,獲利36376.72,獲利率106.00%,花費34020,成本價22.86
2103,台橡,現值0,獲利4851.06,獲利率17.00%,花費28220.0,成本價26.41
6115,鎰勝,現值44900.0,獲利2471.32,獲利率5.00%,花費45020,成本價42.23
9940,信義,現值28500.0,獲利-156.11,獲利率0%,花費30220.0,成本價28.53
2324,仁寶,現值412800.0,獲利280102.81,獲利率105.00%,花費266040.00,成本價12.25
2347,聯強,現值59500.0,獲利36376.72,獲利率106.00%,花費34020,成本價22.86
9940,信義,現值28500.0,獲利-156.11,獲利率0%,花費30220.0,成本價28.53
2105,正新,現值38100.0,獲利-5863.51,獲利率-6.00%,花費93020.0,成本價43.82
9940,信義,現值28500.0,獲利-156.11,獲利率0%,花費30220.0,成本價28.53
2347,聯強,現值59500.0,獲利36376.72,獲利率106.00%,花費34020,成本價22.86
2324,仁寶,現值412800.0,獲利280102.81,獲利率105.00%,花費266040.00,成本價12.25
2002,中鋼,現值51604.00,獲利105753.53,獲利率73.00%,花費143290.00,成本價16.92
2324,仁寶,現值412800.0,獲利280102.81,獲利率105.00%,花費266040.00,成本價12.25
2892,第一金,現值105200.0,獲利83270.09,獲利率137.00%,花費60640.0,成本價5.36
2880,華南金,現值41600.0,獲利32981.92,獲利率114.00%,花費28910.00,成本價4.21
2105,正新,現值38100.0,獲利-5863.51,獲利率-6.00%,花費93020.0,成本價43.82
2347,聯強,現值59500.0,獲利36376.72,獲利率106.00%,花費34020,成本價22.86
2103,台橡,現值0,獲利4851.06,獲利率17.00%,花費28220.0,成本價26.41
6115,鎰勝,現值44900.0,獲利2471.32,獲利率5.00%,花費45020,成本價42.23
9940,信義,現值28500.0,獲利-156.11,獲利率0%,花費30220.0,成本價28.53
2324,仁寶,現值412800.0,獲利280102.81,獲利率105.00%,花費266040.00,成本價12.25
2347,聯強,現值59500.0,獲利36376.72,獲利率106.00%,花費34020,成本價22.86
9940,信義,現值28500.0,獲利-156.11,獲利率0%,花費30220.0,成本價28.53
2105,正新,現值38100.0,獲利-5863.51,獲利率-6.00%,花費93020.0,成本價43.82
9940,信義,現值28500.0,獲利-156.11,獲利率0%,花費30220.0,成本價28.53
2347,聯強,現值59500.0,獲利36376.72,獲利率106.00%,花費34020,成本價22.86
2324,仁寶,現值412800.0,獲利280102.81,獲利率105.00%,花費266040.00,成本價12.25
2002,中鋼,現值51604.00,獲利105753.53,獲利率73.00%,花費143290.00,成本價16.92
2103,台橡,現值0,獲利4851.06,獲利率17.00%,花費28220.0,成本價26.41
2105,正新,現值38100.0,獲利-5863.51,獲利率-6.00%,花費93020.0,成本價43.82
2324,仁寶,現值412800.0,獲利280102.81,獲利率105.00%,花費266040.00,成本價12.25
2347,聯強,現值59500.0,獲利36376.72,獲利率106.00%,花費34020,成本價22.86
2880,華南金,現值41600.0,獲利32981.92,獲利率114.00%,花費28910.00,成本價4.21
2892,第一金,現值105200.0,獲利83270.09,獲利率137.00%,花費60640.0,成本價5.36
6115,鎰勝,現值44900.0,獲利2471.32,獲利率5.00%,花費45020,成本價42.23
9940,信義,現值28500.0,獲利-156.11,獲利率0%,花費30220.0,成本價28.53
